#
# A fatal error has been detected by the Java Runtime Environment:
#
#  SIGSEGV (0xb) at pc=0x00007f69f4bc8ffc, pid=169883, tid=169915
#
# JRE version: OpenJDK Runtime Environment (17.0+35) (build 17+35-Ubuntu-120.04)
# Java VM: OpenJDK 64-Bit Server VM (17+35-Ubuntu-120.04, mixed mode, sharing, tiered, compressed oops, compressed class ptrs, g1 gc, linux-amd64)
# Problematic frame:
# V  [libjvm.so+0x747ffc]
#
# Core dump will be written. Default location: Core dumps may be processed with "/usr/share/apport/apport %p %s %c %d %P %E" (or dumping to /media/fattoumi/0be4290b-1786-4979-afaf-0d44b8307c41/Work/git_local_repo/workspace_react/crud-react-frontend-springboot-backend/springboot-backend/core.169883)
#
# If you would like to submit a bug report, please visit:
#   Unknown
#

---------------  S U M M A R Y ------------

Command Line: -Dclassworlds.conf=/media/fattoumi/0be4290b-1786-4979-afaf-0d44b8307c41/App/apache-maven-3.8.3/bin/m2.conf -Dmaven.home=/media/fattoumi/0be4290b-1786-4979-afaf-0d44b8307c41/App/apache-maven-3.8.3 -Dlibrary.jansi.path=/media/fattoumi/0be4290b-1786-4979-afaf-0d44b8307c41/App/apache-maven-3.8.3/lib/jansi-native -Dmaven.multiModuleProjectDirectory=/media/fattoumi/0be4290b-1786-4979-afaf-0d44b8307c41/Work/git_local_repo/workspace_react/crud-react-frontend-springboot-backend/springboot-backend org.codehaus.plexus.classworlds.launcher.Launcher spring-boot:run

Host: Intel(R) Core(TM) i7-7700 CPU @ 3.60GHz, 8 cores, 62G, Ubuntu 20.04.3 LTS
Time: Wed Oct 13 00:47:03 2021 CEST elapsed time: 0.939737 seconds (0d 0h 0m 0s)

---------------  T H R E A D  ---------------

Current thread (0x00007f6994005db0):  GCTaskThread "GC Thread#1" [stack: 0x00007f699a204000,0x00007f699a304000] [id=169915]

Stack: [0x00007f699a204000,0x00007f699a304000],  sp=0x00007f699a3015c0,  free space=1013k
Native frames: (J=compiled Java code, j=interpreted, Vv=VM code, C=native code)
V  [libjvm.so+0x747ffc]
V  [libjvm.so+0x7685f0]
V  [libjvm.so+0xc1bddc]
V  [libjvm.so+0x6d5e0a]
V  [libjvm.so+0xed753d]
V  [libjvm.so+0xedbf9f]
V  [libjvm.so+0x76b027]
V  [libjvm.so+0x76b6f5]
V  [libjvm.so+0x701a86]
V  [libjvm.so+0x702227]
V  [libjvm.so+0xf90957]
V  [libjvm.so+0xf909b3]
V  [libjvm.so+0xedd522]
V  [libjvm.so+0xc2ef49]

JavaThread 0x00007f69f00144b0 (nid = 169895) was being processed
Java frames: (J=compiled Java code, j=interpreted, Vv=VM code)
v  ~RuntimeStub::_new_array_nozero_Java
J 1385 c2 java.lang.StringBuilder.toString()Ljava/lang/String; java.base@17 (35 bytes) @ 0x00007f69e0c703e4 [0x00007f69e0c700a0+0x0000000000000344]
J 2263 c1 org.codehaus.plexus.util.xml.Xpp3DomBuilder.build(Lorg/codehaus/plexus/util/xml/pull/XmlPullParser;ZLorg/codehaus/plexus/util/xml/Xpp3DomBuilder$InputLocationBuilder;)Lorg/codehaus/plexus/util/xml/Xpp3Dom; (413 bytes) @ 0x00007f69d9b0ea54 [0x00007f69d9b0bf40+0x0000000000002b14]
j  org.codehaus.plexus.util.xml.Xpp3DomBuilder.build(Lorg/codehaus/plexus/util/xml/pull/XmlPullParser;Z)Lorg/codehaus/plexus/util/xml/Xpp3Dom;+3
j  org.apache.maven.model.io.xpp3.MavenXpp3Reader.parsePluginExecution(Lorg/codehaus/plexus/util/xml/pull/XmlPullParser;Z)Lorg/apache/maven/model/PluginExecution;+319
J 2577 c1 org.apache.maven.model.io.xpp3.MavenXpp3Reader.parsePlugin(Lorg/codehaus/plexus/util/xml/pull/XmlPullParser;Z)Lorg/apache/maven/model/Plugin; (506 bytes) @ 0x00007f69d9b9027c [0x00007f69d9b8eaa0+0x00000000000017dc]
j  org.apache.maven.model.io.xpp3.MavenXpp3Reader.parseBuildBase(Lorg/codehaus/plexus/util/xml/pull/XmlPullParser;Z)Lorg/apache/maven/model/BuildBase;+546
j  org.apache.maven.model.io.xpp3.MavenXpp3Reader.parseProfile(Lorg/codehaus/plexus/util/xml/pull/XmlPullParser;Z)Lorg/apache/maven/model/Profile;+190
j  org.apache.maven.model.io.xpp3.MavenXpp3Reader.parseModel(Lorg/codehaus/plexus/util/xml/pull/XmlPullParser;Z)Lorg/apache/maven/model/Model;+1555
j  org.apache.maven.model.io.xpp3.MavenXpp3Reader.read(Lorg/codehaus/plexus/util/xml/pull/XmlPullParser;Z)Lorg/apache/maven/model/Model;+105
j  org.apache.maven.model.io.xpp3.MavenXpp3Reader.read(Ljava/io/Reader;Z)Lorg/apache/maven/model/Model;+38
j  org.apache.maven.model.io.DefaultModelReader.read(Ljava/io/Reader;ZLorg/apache/maven/model/InputSource;)Lorg/apache/maven/model/Model;+27
j  org.apache.maven.model.io.DefaultModelReader.read(Ljava/io/InputStream;Ljava/util/Map;)Lorg/apache/maven/model/Model;+27
j  org.apache.maven.model.building.DefaultModelProcessor.read(Ljava/io/InputStream;Ljava/util/Map;)Lorg/apache/maven/model/Model;+6
j  org.apache.maven.model.building.DefaultModelBuilder.readModel(Lorg/apache/maven/model/building/ModelSource;Ljava/io/File;Lorg/apache/maven/model/building/ModelBuildingRequest;Lorg/apache/maven/model/building/DefaultModelProblemCollector;)Lorg/apache/maven/model/Model;+140
j  org.apache.maven.model.building.DefaultModelBuilder.readParentExternally(Lorg/apache/maven/model/Model;Lorg/apache/maven/model/building/ModelBuildingRequest;Lorg/apache/maven/model/building/DefaultModelProblemCollector;)Lorg/apache/maven/model/building/ModelData;+317
j  org.apache.maven.model.building.DefaultModelBuilder.readParent(Lorg/apache/maven/model/Model;Lorg/apache/maven/model/building/ModelSource;Lorg/apache/maven/model/building/ModelBuildingRequest;Lorg/apache/maven/model/building/DefaultModelProblemCollector;)Lorg/apache/maven/model/building/ModelData;+82
j  org.apache.maven.model.building.DefaultModelBuilder.build(Lorg/apache/maven/model/building/ModelBuildingRequest;Ljava/util/Collection;)Lorg/apache/maven/model/building/ModelBuildingResult;+496
j  org.apache.maven.model.building.DefaultModelBuilder.build(Lorg/apache/maven/model/building/ModelBuildingRequest;)Lorg/apache/maven/model/building/ModelBuildingResult;+9
j  org.apache.maven.repository.internal.DefaultArtifactDescriptorReader.loadPom(Lorg/eclipse/aether/RepositorySystemSession;Lorg/eclipse/aether/resolution/ArtifactDescriptorRequest;Lorg/eclipse/aether/resolution/ArtifactDescriptorResult;)Lorg/apache/maven/model/Model;+626
j  org.apache.maven.repository.internal.DefaultArtifactDescriptorReader.readArtifactDescriptor(Lorg/eclipse/aether/RepositorySystemSession;Lorg/eclipse/aether/resolution/ArtifactDescriptorRequest;)Lorg/eclipse/aether/resolution/ArtifactDescriptorResult;+13
j  org.eclipse.aether.internal.impl.collect.DefaultDependencyCollector.resolveCachedArtifactDescriptor(Lorg/eclipse/aether/internal/impl/collect/DataPool;Lorg/eclipse/aether/resolution/ArtifactDescriptorRequest;Lorg/eclipse/aether/RepositorySystemSession;Lorg/eclipse/aether/graph/Dependency;Lorg/eclipse/aether/internal/impl/collect/DefaultDependencyCollector$Results;Lorg/eclipse/aether/internal/impl/collect/DefaultDependencyCollector$Args;)Lorg/eclipse/aether/resolution/ArtifactDescriptorResult;+27
j  org.eclipse.aether.internal.impl.collect.DefaultDependencyCollector.getArtifactDescriptorResult(Lorg/eclipse/aether/internal/impl/collect/DefaultDependencyCollector$Args;Lorg/eclipse/aether/internal/impl/collect/DefaultDependencyCollector$Results;ZLorg/eclipse/aether/graph/Dependency;Lorg/eclipse/aether/resolution/ArtifactDescriptorRequest;)Lorg/eclipse/aether/resolution/ArtifactDescriptorResult;+31
j  org.eclipse.aether.internal.impl.collect.DefaultDependencyCollector.processDependency(Lorg/eclipse/aether/internal/impl/collect/DefaultDependencyCollector$Args;Lorg/eclipse/aether/internal/impl/collect/DefaultDependencyCollector$Results;Ljava/util/List;Lorg/eclipse/aether/collection/DependencySelector;Lorg/eclipse/aether/collection/DependencyManager;Lorg/eclipse/aether/collection/DependencyTraverser;Lorg/eclipse/aether/collection/VersionFilter;Lorg/eclipse/aether/graph/Dependency;Ljava/util/List;Z)V+214
j  org.eclipse.aether.internal.impl.collect.DefaultDependencyCollector.processDependency(Lorg/eclipse/aether/internal/impl/collect/DefaultDependencyCollector$Args;Lorg/eclipse/aether/internal/impl/collect/DefaultDependencyCollector$Results;Ljava/util/List;Lorg/eclipse/aether/collection/DependencySelector;Lorg/eclipse/aether/collection/DependencyManager;Lorg/eclipse/aether/collection/DependencyTraverser;Lorg/eclipse/aether/collection/VersionFilter;Lorg/eclipse/aether/graph/Dependency;)V+26
j  org.eclipse.aether.internal.impl.collect.DefaultDependencyCollector.process(Lorg/eclipse/aether/internal/impl/collect/DefaultDependencyCollector$Args;Lorg/eclipse/aether/internal/impl/collect/DefaultDependencyCollector$Results;Ljava/util/List;Ljava/util/List;Lorg/eclipse/aether/collection/DependencySelector;Lorg/eclipse/aether/collection/DependencyManager;Lorg/eclipse/aether/collection/DependencyTraverser;Lorg/eclipse/aether/collection/VersionFilter;)V+45
j  org.eclipse.aether.internal.impl.collect.DefaultDependencyCollector.doRecurse(Lorg/eclipse/aether/internal/impl/collect/DefaultDependencyCollector$Args;Lorg/eclipse/aether/internal/impl/collect/DefaultDependencyCollector$Results;Ljava/util/List;Lorg/eclipse/aether/collection/DependencySelector;Lorg/eclipse/aether/collection/DependencyManager;Lorg/eclipse/aether/collection/DependencyTraverser;Lorg/eclipse/aether/collection/VersionFilter;Lorg/eclipse/aether/graph/Dependency;Lorg/eclipse/aether/resolution/ArtifactDescriptorResult;Lorg/eclipse/aether/graph/DefaultDependencyNode;)V+212
j  org.eclipse.aether.internal.impl.collect.DefaultDependencyCollector.processDependency(Lorg/eclipse/aether/internal/impl/collect/DefaultDependencyCollector$Args;Lorg/eclipse/aether/internal/impl/collect/DefaultDependencyCollector$Results;Ljava/util/List;Lorg/eclipse/aether/collection/DependencySelector;Lorg/eclipse/aether/collection/DependencyManager;Lorg/eclipse/aether/collection/DependencyTraverser;Lorg/eclipse/aether/collection/VersionFilter;Lorg/eclipse/aether/graph/Dependency;Ljava/util/List;Z)V+556
j  org.eclipse.aether.internal.impl.collect.DefaultDependencyCollector.processDependency(Lorg/eclipse/aether/internal/impl/collect/DefaultDependencyCollector$Args;Lorg/eclipse/aether/internal/impl/collect/DefaultDependencyCollector$Results;Ljava/util/List;Lorg/eclipse/aether/collection/DependencySelector;Lorg/eclipse/aether/collection/DependencyManager;Lorg/eclipse/aether/collection/DependencyTraverser;Lorg/eclipse/aether/collection/VersionFilter;Lorg/eclipse/aether/graph/Dependency;)V+26
j  org.eclipse.aether.internal.impl.collect.DefaultDependencyCollector.process(Lorg/eclipse/aether/internal/impl/collect/DefaultDependencyCollector$Args;Lorg/eclipse/aether/internal/impl/collect/DefaultDependencyCollector$Results;Ljava/util/List;Ljava/util/List;Lorg/eclipse/aether/collection/DependencySelector;Lorg/eclipse/aether/collection/DependencyManager;Lorg/eclipse/aether/collection/DependencyTraverser;Lorg/eclipse/aether/collection/VersionFilter;)V+45
j  org.eclipse.aether.internal.impl.collect.DefaultDependencyCollector.doRecurse(Lorg/eclipse/aether/internal/impl/collect/DefaultDependencyCollector$Args;Lorg/eclipse/aether/internal/impl/collect/DefaultDependencyCollector$Results;Ljava/util/List;Lorg/eclipse/aether/collection/DependencySelector;Lorg/eclipse/aether/collection/DependencyManager;Lorg/eclipse/aether/collection/DependencyTraverser;Lorg/eclipse/aether/collection/VersionFilter;Lorg/eclipse/aether/graph/Dependency;Lorg/eclipse/aether/resolution/ArtifactDescriptorResult;Lorg/eclipse/aether/graph/DefaultDependencyNode;)V+212
j  org.eclipse.aether.internal.impl.collect.DefaultDependencyCollector.processDependency(Lorg/eclipse/aether/internal/impl/collect/DefaultDependencyCollector$Args;Lorg/eclipse/aether/internal/impl/collect/DefaultDependencyCollector$Results;Ljava/util/List;Lorg/eclipse/aether/collection/DependencySelector;Lorg/eclipse/aether/collection/DependencyManager;Lorg/eclipse/aether/collection/DependencyTraverser;Lorg/eclipse/aether/collection/VersionFilter;Lorg/eclipse/aether/graph/Dependency;Ljava/util/List;Z)V+556
j  org.eclipse.aether.internal.impl.collect.DefaultDependencyCollector.processDependency(Lorg/eclipse/aether/internal/impl/collect/DefaultDependencyCollector$Args;Lorg/eclipse/aether/internal/impl/collect/DefaultDependencyCollector$Results;Ljava/util/List;Lorg/eclipse/aether/collection/DependencySelector;Lorg/eclipse/aether/collection/DependencyManager;Lorg/eclipse/aether/collection/DependencyTraverser;Lorg/eclipse/aether/collection/VersionFilter;Lorg/eclipse/aether/graph/Dependency;)V+26
j  org.eclipse.aether.internal.impl.collect.DefaultDependencyCollector.process(Lorg/eclipse/aether/internal/impl/collect/DefaultDependencyCollector$Args;Lorg/eclipse/aether/internal/impl/collect/DefaultDependencyCollector$Results;Ljava/util/List;Ljava/util/List;Lorg/eclipse/aether/collection/DependencySelector;Lorg/eclipse/aether/collection/DependencyManager;Lorg/eclipse/aether/collection/DependencyTraverser;Lorg/eclipse/aether/collection/VersionFilter;)V+45
j  org.eclipse.aether.internal.impl.collect.DefaultDependencyCollector.collectDependencies(Lorg/eclipse/aether/RepositorySystemSession;Lorg/eclipse/aether/collection/CollectRequest;)Lorg/eclipse/aether/collection/CollectResult;+737
j  org.eclipse.aether.internal.impl.DefaultRepositorySystem.collectDependencies(Lorg/eclipse/aether/RepositorySystemSession;Lorg/eclipse/aether/collection/CollectRequest;)Lorg/eclipse/aether/collection/CollectResult;+11
j  org.apache.maven.project.DefaultProjectDependenciesResolver.resolve(Lorg/apache/maven/project/DependencyResolutionRequest;)Lorg/apache/maven/project/DependencyResolutionResult;+678
j  org.apache.maven.lifecycle.internal.LifecycleDependencyResolver.getDependencies(Lorg/apache/maven/project/MavenProject;Ljava/util/Collection;Ljava/util/Collection;Lorg/apache/maven/execution/MavenSession;ZLjava/util/Set;)Ljava/util/Set;+152
j  org.apache.maven.lifecycle.internal.LifecycleDependencyResolver.resolveProjectDependencies(Lorg/apache/maven/project/MavenProject;Ljava/util/Collection;Ljava/util/Collection;Lorg/apache/maven/execution/MavenSession;ZLjava/util/Set;)V+129
j  org.apache.maven.lifecycle.internal.MojoExecutor.ensureDependenciesAreResolved(Lorg/apache/maven/plugin/descriptor/MojoDescriptor;Lorg/apache/maven/execution/MavenSession;Lorg/apache/maven/lifecycle/internal/DependencyContext;)V+47
j  org.apache.maven.lifecycle.internal.MojoExecutor.execute(Lorg/apache/maven/execution/MavenSession;Lorg/apache/maven/plugin/MojoExecution;Lorg/apache/maven/lifecycle/internal/ProjectIndex;Lorg/apache/maven/lifecycle/internal/DependencyContext;)V+192
j  org.apache.maven.lifecycle.internal.MojoExecutor.execute(Lorg/apache/maven/execution/MavenSession;Lorg/apache/maven/plugin/MojoExecution;Lorg/apache/maven/lifecycle/internal/ProjectIndex;Lorg/apache/maven/lifecycle/internal/DependencyContext;Lorg/apache/maven/lifecycle/internal/PhaseRecorder;)V+6
j  org.apache.maven.lifecycle.internal.MojoExecutor.execute(Lorg/apache/maven/execution/MavenSession;Ljava/util/List;Lorg/apache/maven/lifecycle/internal/ProjectIndex;)V+60
j  org.apache.maven.lifecycle.internal.MojoExecutor.executeForkedExecutions(Lorg/apache/maven/plugin/MojoExecution;Lorg/apache/maven/execution/MavenSession;Lorg/apache/maven/lifecycle/internal/ProjectIndex;)Ljava/util/List;+242
j  org.apache.maven.lifecycle.internal.MojoExecutor.execute(Lorg/apache/maven/execution/MavenSession;Lorg/apache/maven/plugin/MojoExecution;Lorg/apache/maven/lifecycle/internal/ProjectIndex;Lorg/apache/maven/lifecycle/internal/DependencyContext;)V+181
j  org.apache.maven.lifecycle.internal.MojoExecutor.execute(Lorg/apache/maven/execution/MavenSession;Lorg/apache/maven/plugin/MojoExecution;Lorg/apache/maven/lifecycle/internal/ProjectIndex;Lorg/apache/maven/lifecycle/internal/DependencyContext;Lorg/apache/maven/lifecycle/internal/PhaseRecorder;)V+6
j  org.apache.maven.lifecycle.internal.MojoExecutor.execute(Lorg/apache/maven/execution/MavenSession;Ljava/util/List;Lorg/apache/maven/lifecycle/internal/ProjectIndex;)V+60
j  org.apache.maven.lifecycle.internal.LifecycleModuleBuilder.buildProject(Lorg/apache/maven/execution/MavenSession;Lorg/apache/maven/execution/MavenSession;Lorg/apache/maven/lifecycle/internal/ReactorContext;Lorg/apache/maven/project/MavenProject;Lorg/apache/maven/lifecycle/internal/TaskSegment;)V+179
j  org.apache.maven.lifecycle.internal.LifecycleModuleBuilder.buildProject(Lorg/apache/maven/execution/MavenSession;Lorg/apache/maven/lifecycle/internal/ReactorContext;Lorg/apache/maven/project/MavenProject;Lorg/apache/maven/lifecycle/internal/TaskSegment;)V+7
j  org.apache.maven.lifecycle.internal.builder.singlethreaded.SingleThreadedBuilder.build(Lorg/apache/maven/execution/MavenSession;Lorg/apache/maven/lifecycle/internal/ReactorContext;Lorg/apache/maven/lifecycle/internal/ProjectBuildList;Ljava/util/List;Lorg/apache/maven/lifecycle/internal/ReactorBuildStatus;)V+77
j  org.apache.maven.lifecycle.internal.LifecycleStarter.execute(Lorg/apache/maven/execution/MavenSession;)V+348
j  org.apache.maven.DefaultMaven.doExecute(Lorg/apache/maven/execution/MavenExecutionRequest;Lorg/apache/maven/execution/MavenSession;Lorg/apache/maven/execution/MavenExecutionResult;Lorg/eclipse/aether/DefaultRepositorySystemSession;)Lorg/apache/maven/execution/MavenExecutionResult;+425
j  org.apache.maven.DefaultMaven.doExecute(Lorg/apache/maven/execution/MavenExecutionRequest;)Lorg/apache/maven/execution/MavenExecutionResult;+98
j  org.apache.maven.DefaultMaven.execute(Lorg/apache/maven/execution/MavenExecutionRequest;)Lorg/apache/maven/execution/MavenExecutionResult;+2
j  org.apache.maven.cli.MavenCli.execute(Lorg/apache/maven/cli/CliRequest;)I+27
j  org.apache.maven.cli.MavenCli.doMain(Lorg/apache/maven/cli/CliRequest;)I+71
j  org.apache.maven.cli.MavenCli.main([Ljava/lang/String;Lorg/codehaus/plexus/classworlds/ClassWorld;)I+24
v  ~StubRoutines::call_stub
j  jdk.internal.reflect.NativeMethodAccessorImpl.invoke0(Ljava/lang/reflect/Method;Ljava/lang/Object;[Ljava/lang/Object;)Ljava/lang/Object;+0 java.base@17
j  jdk.internal.reflect.NativeMethodAccessorImpl.invoke(Ljava/lang/Object;[Ljava/lang/Object;)Ljava/lang/Object;+133 java.base@17
j  jdk.internal.reflect.DelegatingMethodAccessorImpl.invoke(Ljava/lang/Object;[Ljava/lang/Object;)Ljava/lang/Object;+6 java.base@17
j  java.lang.reflect.Method.invoke(Ljava/lang/Object;[Ljava/lang/Object;)Ljava/lang/Object;+59 java.base@17
j  org.codehaus.plexus.classworlds.launcher.Launcher.launchEnhanced([Ljava/lang/String;)V+45
j  org.codehaus.plexus.classworlds.launcher.Launcher.launch([Ljava/lang/String;)V+2
j  org.codehaus.plexus.classworlds.launcher.Launcher.mainWithExitCode([Ljava/lang/String;)I+101
j  org.codehaus.plexus.classworlds.launcher.Launcher.main([Ljava/lang/String;)V+1
v  ~StubRoutines::call_stub

siginfo: si_signo: 11 (SIGSEGV), si_code: 1 (SEGV_MAPERR), si_addr: 0x0000000874756177

Register to memory mapping:

RAX=0x000000087475616f is an unknown value
RBX=0x00007f69f57e935c: <offset 0x000000000136835c> in /usr/lib/jvm/java-17-openjdk-amd64/lib/server/libjvm.so at 0x00007f69f4481000
RCX=0x0 is NULL
RDX=0x0000000000000001 is an unknown value
RSP=0x00007f699a3015c0 points into unknown readable memory: 0x00007f699a3015e0 | e0 15 30 9a 69 7f 00 00
RBP=0x00007f699a301650 points into unknown readable memory: 0x00007f699a3016a0 | a0 16 30 9a 69 7f 00 00
RSI=0x0000000000000001 is an unknown value
RDI=0x00007f69f57a1300: <offset 0x0000000001320300> in /usr/lib/jvm/java-17-openjdk-amd64/lib/server/libjvm.so at 0x00007f69f4481000
R8 =0x0000000000000001 is an unknown value
R9 =0x0000000800cd29a0 is pointing into metadata
R10=0x00007f69f57a1310: <offset 0x0000000001320310> in /usr/lib/jvm/java-17-openjdk-amd64/lib/server/libjvm.so at 0x00007f69f4481000
R11=0x0 is NULL
R12=0x00007f69600031a0 points into unknown readable memory: 0x00007f69f56f2508 | 08 25 6f f5 69 7f 00 00
R13=0x0000000451117025 points into unknown readable memory: ea 65 8a
R14=0x00000004532f5468 is pointing into object: [B 
{0x00000004532f5460} - klass: {type array byte}
 - length: 15
R15=0x00007f69f57e7fad: <offset 0x0000000001366fad> in /usr/lib/jvm/java-17-openjdk-amd64/lib/server/libjvm.so at 0x00007f69f4481000


Registers:
RAX=0x000000087475616f, RBX=0x00007f69f57e935c, RCX=0x0000000000000000, RDX=0x0000000000000001
RSP=0x00007f699a3015c0, RBP=0x00007f699a301650, RSI=0x0000000000000001, RDI=0x00007f69f57a1300
R8 =0x0000000000000001, R9 =0x0000000800cd29a0, R10=0x00007f69f57a1310, R11=0x0000000000000000
R12=0x00007f69600031a0, R13=0x0000000451117025, R14=0x00000004532f5468, R15=0x00007f69f57e7fad
RIP=0x00007f69f4bc8ffc, EFLAGS=0x0000000000010206, CSGSFS=0x002b000000000033, ERR=0x0000000000000004
  TRAPNO=0x000000000000000e

Top of Stack: (sp=0x00007f699a3015c0)
0x00007f699a3015c0:   00007f699a3015e0 00007ffcb7383918
0x00007f699a3015d0:   00007f69f57a1310 00007f6900000000
0x00007f699a3015e0:   00007f69f018e0d0 00007f6900000000
0x00007f699a3015f0:   000000087475616f 00007f69f57a1310 

Instructions: (pc=0x00007f69f4bc8ffc)
0x00007f69f4bc8efc:   49 0f be c3 49 8d 8c 44 78 01 00 00 48 0f be 41
0x00007f69f4bc8f0c:   01 0f b7 09 66 89 4d c8 48 8b 3e 48 89 7d 98 44
0x00007f69f4bc8f1c:   8b 8f 20 01 00 00 84 c0 0f 84 a5 0d 00 00 48 8b
0x00007f69f4bc8f2c:   44 c2 10 48 8b 10 4c 8b 72 30 48 8b 42 38 4c 29
0x00007f69f4bc8f3c:   f0 4c 89 75 b8 48 c1 e8 03 48 3b 45 a8 0f 82 c7
0x00007f69f4bc8f4c:   0c 00 00 48 8b 45 a8 49 8d 04 c6 48 89 42 30 4d
0x00007f69f4bc8f5c:   85 f6 0f 84 b2 0c 00 00 48 8d 05 fd 8e bd 00 48
0x00007f69f4bc8f6c:   8b 00 41 0f 18 0c 06 48 8b 4d c0 4c 89 f2 48 83
0x00007f69f4bc8f7c:   ca 03 48 89 c8 f0 49 0f b1 12 48 39 c1 74 22 48
0x00007f69f4bc8f8c:   8d 15 a6 ee c1 00 80 3a 00 74 0c 48 89 c2 83 e2
0x00007f69f4bc8f9c:   07 48 83 fa 05 74 0a 48 83 e0 fc 0f 85 6e 0f 00
0x00007f69f4bc8fac:   00 83 fb 08 0f 87 0b 06 00 00 48 8d 15 cb c4 8d
0x00007f69f4bc8fbc:   00 89 db 48 63 04 9a 48 01 d0 3e ff e0 4c 8d 3d
0x00007f69f4bc8fcc:   dd ef c1 00 0f b6 11 48 89 45 c0 41 0f b6 37 40
0x00007f69f4bc8fdc:   84 f6 0f 84 b7 07 00 00 48 8d 3d 15 83 bd 00 41
0x00007f69f4bc8fec:   8b 46 08 8b 4f 08 48 d3 e0 48 03 07 48 89 45 a0
0x00007f69f4bc8ffc:   8b 58 08 85 db 0f 8e c7 0d 00 00 f6 c3 01 74 1a
0x00007f69f4bc900c:   48 8b 00 48 8d 0d 2a 3d cf ff 48 8b 80 00 01 00
0x00007f69f4bc901c:   00 48 39 c8 0f 85 87 20 00 00 c1 fb 03 48 63 c3
0x00007f69f4bc902c:   48 89 45 a8 4c 8b 45 c0 4c 89 45 c8 45 84 db 0f
0x00007f69f4bc903c:   84 e3 0c 00 00 49 8b 44 24 08 4c 89 f2 45 31 c0
0x00007f69f4bc904c:   8b 88 c0 01 00 00 48 8b 80 b0 01 00 00 48 d3 ea
0x00007f69f4bc905c:   49 8b 4c 24 70 48 8d 34 d0 49 0f be c3 49 8d 94
0x00007f69f4bc906c:   44 78 01 00 00 48 0f be 42 01 0f b7 12 66 89 55
0x00007f69f4bc907c:   c8 48 8b 3e 48 89 7d 90 8b bf 20 01 00 00 89 7d
0x00007f69f4bc908c:   98 84 c0 0f 84 e7 0c 00 00 48 8b 44 c1 10 48 8b
0x00007f69f4bc909c:   10 4c 8b 4a 30 48 8b 42 38 4c 29 c8 4c 89 4d b8
0x00007f69f4bc90ac:   48 c1 e8 03 48 3b 45 a8 0f 82 25 0c 00 00 48 8b
0x00007f69f4bc90bc:   45 a8 49 8d 04 c1 48 89 42 30 4d 85 c9 0f 84 10
0x00007f69f4bc90cc:   0c 00 00 48 8d 05 92 8d bd 00 48 8b 00 41 0f 18
0x00007f69f4bc90dc:   0c 01 48 8b 4d c0 4c 89 ca 48 83 ca 03 48 89 c8
0x00007f69f4bc90ec:   f0 49 0f b1 16 48 39 c1 74 22 48 8d 15 3b ed c1 


Stack slot to memory mapping:
stack at sp + 0 slots: 0x00007f699a3015e0 points into unknown readable memory: 0x00007f69f018e0d0 | d0 e0 18 f0 69 7f 00 00
stack at sp + 1 slots: 0x00007ffcb7383918: clock_gettime+0x0000000000000038 in linux-vdso.so.1 at 0x00007ffcb7383000
stack at sp + 2 slots: 0x00007f69f57a1310: <offset 0x0000000001320310> in /usr/lib/jvm/java-17-openjdk-amd64/lib/server/libjvm.so at 0x00007f69f4481000
stack at sp + 3 slots: 0x00007f6900000000 is an unknown value
stack at sp + 4 slots: 0x00007f69f018e0d0 points into unknown readable memory: 0x0000000453000000 | 00 00 00 53 04 00 00 00
stack at sp + 5 slots: 0x00007f6900000000 is an unknown value
stack at sp + 6 slots: 0x000000087475616f is an unknown value
stack at sp + 7 slots: 0x00007f69f57a1310: <offset 0x0000000001320310> in /usr/lib/jvm/java-17-openjdk-amd64/lib/server/libjvm.so at 0x00007f69f4481000


---------------  P R O C E S S  ---------------

Threads class SMR info:
_java_thread_list=0x00007f69741bb930, length=13, elements={
0x00007f69f00144b0, 0x00007f69f01c9b00, 0x00007f69f01caee0, 0x00007f69f01d0020,
0x00007f69f01d13d0, 0x00007f69f01d27e0, 0x00007f69f01d4190, 0x00007f69f01d56c0,
0x00007f69f01deb20, 0x00007f69f01e6190, 0x00007f69f01e9c50, 0x00007f6974172f60,
0x00007f69741ba900
}

Java Threads: ( => current thread )
  0x00007f69f00144b0 JavaThread "main" [_thread_blocked, id=169895, stack(0x00007f69f4034000,0x00007f69f4135000)]
  0x00007f69f01c9b00 JavaThread "Reference Handler" daemon [_thread_blocked, id=169902, stack(0x00007f69b0198000,0x00007f69b0299000)]
  0x00007f69f01caee0 JavaThread "Finalizer" daemon [_thread_blocked, id=169903, stack(0x00007f69b0097000,0x00007f69b0198000)]
  0x00007f69f01d0020 JavaThread "Signal Dispatcher" daemon [_thread_blocked, id=169904, stack(0x00007f699af12000,0x00007f699b013000)]
  0x00007f69f01d13d0 JavaThread "Service Thread" daemon [_thread_blocked, id=169905, stack(0x00007f699ae11000,0x00007f699af12000)]
  0x00007f69f01d27e0 JavaThread "Monitor Deflation Thread" daemon [_thread_blocked, id=169906, stack(0x00007f699ad10000,0x00007f699ae11000)]
  0x00007f69f01d4190 JavaThread "C2 CompilerThread0" daemon [_thread_blocked, id=169907, stack(0x00007f699ac0f000,0x00007f699ad10000)]
  0x00007f69f01d56c0 JavaThread "C1 CompilerThread0" daemon [_thread_blocked, id=169908, stack(0x00007f699ab0e000,0x00007f699ac0f000)]
  0x00007f69f01deb20 JavaThread "Sweeper thread" daemon [_thread_blocked, id=169909, stack(0x00007f699aa0d000,0x00007f699ab0e000)]
  0x00007f69f01e6190 JavaThread "Notification Thread" daemon [_thread_blocked, id=169910, stack(0x00007f699a90c000,0x00007f699aa0d000)]
  0x00007f69f01e9c50 JavaThread "Common-Cleaner" daemon [_thread_blocked, id=169912, stack(0x00007f699a709000,0x00007f699a80a000)]
  0x00007f6974172f60 JavaThread "C2 CompilerThread1" daemon [_thread_blocked, id=169913, stack(0x00007f699a405000,0x00007f699a506000)]
  0x00007f69741ba900 JavaThread "C2 CompilerThread2" daemon [_thread_blocked, id=169914, stack(0x00007f699a304000,0x00007f699a405000)]

Other Threads:
  0x00007f69f01c5be0 VMThread "VM Thread" [stack: 0x00007f69b029b000,0x00007f69b039b000] [id=169901]
  0x00007f69f01e7ad0 WatcherThread [stack: 0x00007f699a80c000,0x00007f699a90c000] [id=169911]
  0x00007f69f004c7b0 GCTaskThread "GC Thread#0" [stack: 0x00007f69b319a000,0x00007f69b329a000] [id=169896]
=>0x00007f6994005db0 GCTaskThread "GC Thread#1" [stack: 0x00007f699a204000,0x00007f699a304000] [id=169915]
  0x00007f69940067e0 GCTaskThread "GC Thread#2" [stack: 0x00007f699a102000,0x00007f699a202000] [id=169916]
  0x00007f6994007210 GCTaskThread "GC Thread#3" [stack: 0x00007f6999700000,0x00007f6999800000] [id=169917]
  0x00007f6994007c40 GCTaskThread "GC Thread#4" [stack: 0x00007f69995fe000,0x00007f69996fe000] [id=169918]
  0x00007f6994008670 GCTaskThread "GC Thread#5" [stack: 0x00007f69994fc000,0x00007f69995fc000] [id=169919]
  0x00007f69940090a0 GCTaskThread "GC Thread#6" [stack: 0x00007f69993fa000,0x00007f69994fa000] [id=169920]
  0x00007f6994009af0 GCTaskThread "GC Thread#7" [stack: 0x00007f69992f8000,0x00007f69993f8000] [id=169921]
  0x00007f69f005d870 ConcurrentGCThread "G1 Main Marker" [stack: 0x00007f69b3098000,0x00007f69b3198000] [id=169897]
  0x00007f69f005e7d0 ConcurrentGCThread "G1 Conc#0" [stack: 0x00007f69b2f96000,0x00007f69b3096000] [id=169898]
  0x00007f69f01926a0 ConcurrentGCThread "G1 Refine#0" [stack: 0x00007f69b068c000,0x00007f69b078c000] [id=169899]
  0x00007f69f0193590 ConcurrentGCThread "G1 Service" [stack: 0x00007f69b058a000,0x00007f69b068a000] [id=169900]

Threads with active compile tasks:
C2 CompilerThread0      943 2613       4       java.lang.Character::codePointBefore (48 bytes)
C2 CompilerThread1      943 2555       4       org.apache.maven.model.ConfigurationContainer::setLocation (156 bytes)
C2 CompilerThread2      943 2615       4       java.util.regex.Pattern$CharPropertyGreedy::match (160 bytes)

VM state: at safepoint (normal execution)

VM Mutex/Monitor currently owned by a thread:  ([mutex/lock_event])
[0x00007f69f000f490] Threads_lock - owner thread: 0x00007f69f01c5be0
[0x00007f69f000fc40] Heap_lock - owner thread: 0x00007f69f00144b0

Heap address: 0x0000000415000000, size: 16048 MB, Compressed Oops mode: Zero based, Oop shift amount: 3

CDS archive(s) mapped at: [0x0000000800000000-0x0000000800bdb000-0x0000000800bdb000), size 12431360, SharedBaseAddress: 0x0000000800000000, ArchiveRelocationMode: 0.
Compressed class space mapped at: 0x0000000800c00000-0x0000000840c00000, reserved size: 1073741824
Narrow klass base: 0x0000000800000000, Narrow klass shift: 0, Narrow klass range: 0x100000000

GC Precious Log:
 CPUs: 8 total, 8 available
 Memory: 64183M
 Large Page Support: Disabled
 NUMA Support: Disabled
 Compressed Oops: Enabled (Zero based)
 Heap Region Size: 8M
 Heap Min Capacity: 8M
 Heap Initial Capacity: 1008M
 Heap Max Capacity: 16048M
 Pre-touch: Disabled
 Parallel Workers: 8
 Concurrent Workers: 2
 Concurrent Refinement Workers: 8
 Periodic GC: Disabled

Heap:
 garbage-first heap   total 1048576K, used 53456K [0x0000000415000000, 0x0000000800000000)
  region size 8192K, 6 young (49152K), 1 survivors (8192K)
 Metaspace       used 12416K, committed 12608K, reserved 1064960K
  class space    used 1456K, committed 1536K, reserved 1048576K

Heap Regions: E=young(eden), S=young(survivor), O=old, HS=humongous(starts), HC=humongous(continues), CS=collection set, F=free, OA=open archive, CA=closed archive, TAMS=top-at-mark-start (previous, next)
|   0|0x0000000415000000, 0x0000000415404b88, 0x0000000415800000| 50%| O|  |TAMS 0x0000000415000000, 0x0000000415000000| Untracked 
|   1|0x0000000415800000, 0x0000000415800000, 0x0000000416000000|  0%| F|  |TAMS 0x0000000415800000, 0x0000000415800000| Untracked 
|   2|0x0000000416000000, 0x0000000416000000, 0x0000000416800000|  0%| F|  |TAMS 0x0000000416000000, 0x0000000416000000| Untracked 
|   3|0x0000000416800000, 0x0000000416800000, 0x0000000417000000|  0%| F|  |TAMS 0x0000000416800000, 0x0000000416800000| Untracked 
|   4|0x0000000417000000, 0x0000000417000000, 0x0000000417800000|  0%| F|  |TAMS 0x0000000417000000, 0x0000000417000000| Untracked 
|   5|0x0000000417800000, 0x0000000417800000, 0x0000000418000000|  0%| F|  |TAMS 0x0000000417800000, 0x0000000417800000| Untracked 
|   6|0x0000000418000000, 0x0000000418000000, 0x0000000418800000|  0%| F|  |TAMS 0x0000000418000000, 0x0000000418000000| Untracked 
|   7|0x0000000418800000, 0x0000000418800000, 0x0000000419000000|  0%| F|  |TAMS 0x0000000418800000, 0x0000000418800000| Untracked 
|   8|0x0000000419000000, 0x0000000419000000, 0x0000000419800000|  0%| F|  |TAMS 0x0000000419000000, 0x0000000419000000| Untracked 
|   9|0x0000000419800000, 0x0000000419800000, 0x000000041a000000|  0%| F|  |TAMS 0x0000000419800000, 0x0000000419800000| Untracked 
|  10|0x000000041a000000, 0x000000041a000000, 0x000000041a800000|  0%| F|  |TAMS 0x000000041a000000, 0x000000041a000000| Untracked 
|  11|0x000000041a800000, 0x000000041a800000, 0x000000041b000000|  0%| F|  |TAMS 0x000000041a800000, 0x000000041a800000| Untracked 
|  12|0x000000041b000000, 0x000000041b000000, 0x000000041b800000|  0%| F|  |TAMS 0x000000041b000000, 0x000000041b000000| Untracked 
|  13|0x000000041b800000, 0x000000041b800000, 0x000000041c000000|  0%| F|  |TAMS 0x000000041b800000, 0x000000041b800000| Untracked 
|  14|0x000000041c000000, 0x000000041c000000, 0x000000041c800000|  0%| F|  |TAMS 0x000000041c000000, 0x000000041c000000| Untracked 
|  15|0x000000041c800000, 0x000000041c800000, 0x000000041d000000|  0%| F|  |TAMS 0x000000041c800000, 0x000000041c800000| Untracked 
|  16|0x000000041d000000, 0x000000041d000000, 0x000000041d800000|  0%| F|  |TAMS 0x000000041d000000, 0x000000041d000000| Untracked 
|  17|0x000000041d800000, 0x000000041d800000, 0x000000041e000000|  0%| F|  |TAMS 0x000000041d800000, 0x000000041d800000| Untracked 
|  18|0x000000041e000000, 0x000000041e000000, 0x000000041e800000|  0%| F|  |TAMS 0x000000041e000000, 0x000000041e000000| Untracked 
|  19|0x000000041e800000, 0x000000041e800000, 0x000000041f000000|  0%| F|  |TAMS 0x000000041e800000, 0x000000041e800000| Untracked 
|  20|0x000000041f000000, 0x000000041f000000, 0x000000041f800000|  0%| F|  |TAMS 0x000000041f000000, 0x000000041f000000| Untracked 
|  21|0x000000041f800000, 0x000000041f800000, 0x0000000420000000|  0%| F|  |TAMS 0x000000041f800000, 0x000000041f800000| Untracked 
|  22|0x0000000420000000, 0x0000000420000000, 0x0000000420800000|  0%| F|  |TAMS 0x0000000420000000, 0x0000000420000000| Untracked 
|  23|0x0000000420800000, 0x0000000420800000, 0x0000000421000000|  0%| F|  |TAMS 0x0000000420800000, 0x0000000420800000| Untracked 
|  24|0x0000000421000000, 0x0000000421000000, 0x0000000421800000|  0%| F|  |TAMS 0x0000000421000000, 0x0000000421000000| Untracked 
|  25|0x0000000421800000, 0x0000000421800000, 0x0000000422000000|  0%| F|  |TAMS 0x0000000421800000, 0x0000000421800000| Untracked 
|  26|0x0000000422000000, 0x0000000422000000, 0x0000000422800000|  0%| F|  |TAMS 0x0000000422000000, 0x0000000422000000| Untracked 
|  27|0x0000000422800000, 0x0000000422800000, 0x0000000423000000|  0%| F|  |TAMS 0x0000000422800000, 0x0000000422800000| Untracked 
|  28|0x0000000423000000, 0x0000000423000000, 0x0000000423800000|  0%| F|  |TAMS 0x0000000423000000, 0x0000000423000000| Untracked 
|  29|0x0000000423800000, 0x0000000423800000, 0x0000000424000000|  0%| F|  |TAMS 0x0000000423800000, 0x0000000423800000| Untracked 
|  30|0x0000000424000000, 0x0000000424000000, 0x0000000424800000|  0%| F|  |TAMS 0x0000000424000000, 0x0000000424000000| Untracked 
|  31|0x0000000424800000, 0x0000000424800000, 0x0000000425000000|  0%| F|  |TAMS 0x0000000424800000, 0x0000000424800000| Untracked 
|  32|0x0000000425000000, 0x0000000425000000, 0x0000000425800000|  0%| F|  |TAMS 0x0000000425000000, 0x0000000425000000| Untracked 
|  33|0x0000000425800000, 0x0000000425800000, 0x0000000426000000|  0%| F|  |TAMS 0x0000000425800000, 0x0000000425800000| Untracked 
|  34|0x0000000426000000, 0x0000000426000000, 0x0000000426800000|  0%| F|  |TAMS 0x0000000426000000, 0x0000000426000000| Untracked 
|  35|0x0000000426800000, 0x0000000426800000, 0x0000000427000000|  0%| F|  |TAMS 0x0000000426800000, 0x0000000426800000| Untracked 
|  36|0x0000000427000000, 0x0000000427000000, 0x0000000427800000|  0%| F|  |TAMS 0x0000000427000000, 0x0000000427000000| Untracked 
|  37|0x0000000427800000, 0x0000000427800000, 0x0000000428000000|  0%| F|  |TAMS 0x0000000427800000, 0x0000000427800000| Untracked 
|  38|0x0000000428000000, 0x0000000428000000, 0x0000000428800000|  0%| F|  |TAMS 0x0000000428000000, 0x0000000428000000| Untracked 
|  39|0x0000000428800000, 0x0000000428800000, 0x0000000429000000|  0%| F|  |TAMS 0x0000000428800000, 0x0000000428800000| Untracked 
|  40|0x0000000429000000, 0x0000000429000000, 0x0000000429800000|  0%| F|  |TAMS 0x0000000429000000, 0x0000000429000000| Untracked 
|  41|0x0000000429800000, 0x0000000429800000, 0x000000042a000000|  0%| F|  |TAMS 0x0000000429800000, 0x0000000429800000| Untracked 
|  42|0x000000042a000000, 0x000000042a000000, 0x000000042a800000|  0%| F|  |TAMS 0x000000042a000000, 0x000000042a000000| Untracked 
|  43|0x000000042a800000, 0x000000042a800000, 0x000000042b000000|  0%| F|  |TAMS 0x000000042a800000, 0x000000042a800000| Untracked 
|  44|0x000000042b000000, 0x000000042b000000, 0x000000042b800000|  0%| F|  |TAMS 0x000000042b000000, 0x000000042b000000| Untracked 
|  45|0x000000042b800000, 0x000000042b800000, 0x000000042c000000|  0%| F|  |TAMS 0x000000042b800000, 0x000000042b800000| Untracked 
|  46|0x000000042c000000, 0x000000042c000000, 0x000000042c800000|  0%| F|  |TAMS 0x000000042c000000, 0x000000042c000000| Untracked 
|  47|0x000000042c800000, 0x000000042c800000, 0x000000042d000000|  0%| F|  |TAMS 0x000000042c800000, 0x000000042c800000| Untracked 
|  48|0x000000042d000000, 0x000000042d000000, 0x000000042d800000|  0%| F|  |TAMS 0x000000042d000000, 0x000000042d000000| Untracked 
|  49|0x000000042d800000, 0x000000042d800000, 0x000000042e000000|  0%| F|  |TAMS 0x000000042d800000, 0x000000042d800000| Untracked 
|  50|0x000000042e000000, 0x000000042e000000, 0x000000042e800000|  0%| F|  |TAMS 0x000000042e000000, 0x000000042e000000| Untracked 
|  51|0x000000042e800000, 0x000000042e800000, 0x000000042f000000|  0%| F|  |TAMS 0x000000042e800000, 0x000000042e800000| Untracked 
|  52|0x000000042f000000, 0x000000042f000000, 0x000000042f800000|  0%| F|  |TAMS 0x000000042f000000, 0x000000042f000000| Untracked 
|  53|0x000000042f800000, 0x000000042f800000, 0x0000000430000000|  0%| F|  |TAMS 0x000000042f800000, 0x000000042f800000| Untracked 
|  54|0x0000000430000000, 0x0000000430000000, 0x0000000430800000|  0%| F|  |TAMS 0x0000000430000000, 0x0000000430000000| Untracked 
|  55|0x0000000430800000, 0x0000000430800000, 0x0000000431000000|  0%| F|  |TAMS 0x0000000430800000, 0x0000000430800000| Untracked 
|  56|0x0000000431000000, 0x0000000431000000, 0x0000000431800000|  0%| F|  |TAMS 0x0000000431000000, 0x0000000431000000| Untracked 
|  57|0x0000000431800000, 0x0000000431800000, 0x0000000432000000|  0%| F|  |TAMS 0x0000000431800000, 0x0000000431800000| Untracked 
|  58|0x0000000432000000, 0x0000000432000000, 0x0000000432800000|  0%| F|  |TAMS 0x0000000432000000, 0x0000000432000000| Untracked 
|  59|0x0000000432800000, 0x0000000432800000, 0x0000000433000000|  0%| F|  |TAMS 0x0000000432800000, 0x0000000432800000| Untracked 
|  60|0x0000000433000000, 0x0000000433000000, 0x0000000433800000|  0%| F|  |TAMS 0x0000000433000000, 0x0000000433000000| Untracked 
|  61|0x0000000433800000, 0x0000000433800000, 0x0000000434000000|  0%| F|  |TAMS 0x0000000433800000, 0x0000000433800000| Untracked 
|  62|0x0000000434000000, 0x0000000434000000, 0x0000000434800000|  0%| F|  |TAMS 0x0000000434000000, 0x0000000434000000| Untracked 
|  63|0x0000000434800000, 0x0000000434800000, 0x0000000435000000|  0%| F|  |TAMS 0x0000000434800000, 0x0000000434800000| Untracked 
|  64|0x0000000435000000, 0x0000000435000000, 0x0000000435800000|  0%| F|  |TAMS 0x0000000435000000, 0x0000000435000000| Untracked 
|  65|0x0000000435800000, 0x0000000435800000, 0x0000000436000000|  0%| F|  |TAMS 0x0000000435800000, 0x0000000435800000| Untracked 
|  66|0x0000000436000000, 0x0000000436000000, 0x0000000436800000|  0%| F|  |TAMS 0x0000000436000000, 0x0000000436000000| Untracked 
|  67|0x0000000436800000, 0x0000000436800000, 0x0000000437000000|  0%| F|  |TAMS 0x0000000436800000, 0x0000000436800000| Untracked 
|  68|0x0000000437000000, 0x0000000437000000, 0x0000000437800000|  0%| F|  |TAMS 0x0000000437000000, 0x0000000437000000| Untracked 
|  69|0x0000000437800000, 0x0000000437800000, 0x0000000438000000|  0%| F|  |TAMS 0x0000000437800000, 0x0000000437800000| Untracked 
|  70|0x0000000438000000, 0x0000000438000000, 0x0000000438800000|  0%| F|  |TAMS 0x0000000438000000, 0x0000000438000000| Untracked 
|  71|0x0000000438800000, 0x0000000438800000, 0x0000000439000000|  0%| F|  |TAMS 0x0000000438800000, 0x0000000438800000| Untracked 
|  72|0x0000000439000000, 0x0000000439000000, 0x0000000439800000|  0%| F|  |TAMS 0x0000000439000000, 0x0000000439000000| Untracked 
|  73|0x0000000439800000, 0x0000000439800000, 0x000000043a000000|  0%| F|  |TAMS 0x0000000439800000, 0x0000000439800000| Untracked 
|  74|0x000000043a000000, 0x000000043a000000, 0x000000043a800000|  0%| F|  |TAMS 0x000000043a000000, 0x000000043a000000| Untracked 
|  75|0x000000043a800000, 0x000000043a800000, 0x000000043b000000|  0%| F|  |TAMS 0x000000043a800000, 0x000000043a800000| Untracked 
|  76|0x000000043b000000, 0x000000043b000000, 0x000000043b800000|  0%| F|  |TAMS 0x000000043b000000, 0x000000043b000000| Untracked 
|  77|0x000000043b800000, 0x000000043b800000, 0x000000043c000000|  0%| F|  |TAMS 0x000000043b800000, 0x000000043b800000| Untracked 
|  78|0x000000043c000000, 0x000000043c000000, 0x000000043c800000|  0%| F|  |TAMS 0x000000043c000000, 0x000000043c000000| Untracked 
|  79|0x000000043c800000, 0x000000043c800000, 0x000000043d000000|  0%| F|  |TAMS 0x000000043c800000, 0x000000043c800000| Untracked 
|  80|0x000000043d000000, 0x000000043d000000, 0x000000043d800000|  0%| F|  |TAMS 0x000000043d000000, 0x000000043d000000| Untracked 
|  81|0x000000043d800000, 0x000000043d800000, 0x000000043e000000|  0%| F|  |TAMS 0x000000043d800000, 0x000000043d800000| Untracked 
|  82|0x000000043e000000, 0x000000043e000000, 0x000000043e800000|  0%| F|  |TAMS 0x000000043e000000, 0x000000043e000000| Untracked 
|  83|0x000000043e800000, 0x000000043e800000, 0x000000043f000000|  0%| F|  |TAMS 0x000000043e800000, 0x000000043e800000| Untracked 
|  84|0x000000043f000000, 0x000000043f000000, 0x000000043f800000|  0%| F|  |TAMS 0x000000043f000000, 0x000000043f000000| Untracked 
|  85|0x000000043f800000, 0x000000043f800000, 0x0000000440000000|  0%| F|  |TAMS 0x000000043f800000, 0x000000043f800000| Untracked 
|  86|0x0000000440000000, 0x0000000440000000, 0x0000000440800000|  0%| F|  |TAMS 0x0000000440000000, 0x0000000440000000| Untracked 
|  87|0x0000000440800000, 0x0000000440800000, 0x0000000441000000|  0%| F|  |TAMS 0x0000000440800000, 0x0000000440800000| Untracked 
|  88|0x0000000441000000, 0x0000000441000000, 0x0000000441800000|  0%| F|  |TAMS 0x0000000441000000, 0x0000000441000000| Untracked 
|  89|0x0000000441800000, 0x0000000441800000, 0x0000000442000000|  0%| F|  |TAMS 0x0000000441800000, 0x0000000441800000| Untracked 
|  90|0x0000000442000000, 0x0000000442000000, 0x0000000442800000|  0%| F|  |TAMS 0x0000000442000000, 0x0000000442000000| Untracked 
|  91|0x0000000442800000, 0x0000000442800000, 0x0000000443000000|  0%| F|  |TAMS 0x0000000442800000, 0x0000000442800000| Untracked 
|  92|0x0000000443000000, 0x0000000443000000, 0x0000000443800000|  0%| F|  |TAMS 0x0000000443000000, 0x0000000443000000| Untracked 
|  93|0x0000000443800000, 0x0000000443800000, 0x0000000444000000|  0%| F|  |TAMS 0x0000000443800000, 0x0000000443800000| Untracked 
|  94|0x0000000444000000, 0x0000000444000000, 0x0000000444800000|  0%| F|  |TAMS 0x0000000444000000, 0x0000000444000000| Untracked 
|  95|0x0000000444800000, 0x0000000444800000, 0x0000000445000000|  0%| F|  |TAMS 0x0000000444800000, 0x0000000444800000| Untracked 
|  96|0x0000000445000000, 0x0000000445000000, 0x0000000445800000|  0%| F|  |TAMS 0x0000000445000000, 0x0000000445000000| Untracked 
|  97|0x0000000445800000, 0x0000000445800000, 0x0000000446000000|  0%| F|  |TAMS 0x0000000445800000, 0x0000000445800000| Untracked 
|  98|0x0000000446000000, 0x0000000446000000, 0x0000000446800000|  0%| F|  |TAMS 0x0000000446000000, 0x0000000446000000| Untracked 
|  99|0x0000000446800000, 0x0000000446800000, 0x0000000447000000|  0%| F|  |TAMS 0x0000000446800000, 0x0000000446800000| Untracked 
| 100|0x0000000447000000, 0x0000000447000000, 0x0000000447800000|  0%| F|  |TAMS 0x0000000447000000, 0x0000000447000000| Untracked 
| 101|0x0000000447800000, 0x0000000447800000, 0x0000000448000000|  0%| F|  |TAMS 0x0000000447800000, 0x0000000447800000| Untracked 
| 102|0x0000000448000000, 0x0000000448000000, 0x0000000448800000|  0%| F|  |TAMS 0x0000000448000000, 0x0000000448000000| Untracked 
| 103|0x0000000448800000, 0x0000000448800000, 0x0000000449000000|  0%| F|  |TAMS 0x0000000448800000, 0x0000000448800000| Untracked 
| 104|0x0000000449000000, 0x0000000449000000, 0x0000000449800000|  0%| F|  |TAMS 0x0000000449000000, 0x0000000449000000| Untracked 
| 105|0x0000000449800000, 0x0000000449800000, 0x000000044a000000|  0%| F|  |TAMS 0x0000000449800000, 0x0000000449800000| Untracked 
| 106|0x000000044a000000, 0x000000044a000000, 0x000000044a800000|  0%| F|  |TAMS 0x000000044a000000, 0x000000044a000000| Untracked 
| 107|0x000000044a800000, 0x000000044a800000, 0x000000044b000000|  0%| F|  |TAMS 0x000000044a800000, 0x000000044a800000| Untracked 
| 108|0x000000044b000000, 0x000000044b000000, 0x000000044b800000|  0%| F|  |TAMS 0x000000044b000000, 0x000000044b000000| Untracked 
| 109|0x000000044b800000, 0x000000044b800000, 0x000000044c000000|  0%| F|  |TAMS 0x000000044b800000, 0x000000044b800000| Untracked 
| 110|0x000000044c000000, 0x000000044c000000, 0x000000044c800000|  0%| F|  |TAMS 0x000000044c000000, 0x000000044c000000| Untracked 
| 111|0x000000044c800000, 0x000000044c800000, 0x000000044d000000|  0%| F|  |TAMS 0x000000044c800000, 0x000000044c800000| Untracked 
| 112|0x000000044d000000, 0x000000044d000000, 0x000000044d800000|  0%| F|  |TAMS 0x000000044d000000, 0x000000044d000000| Untracked 
| 113|0x000000044d800000, 0x000000044d800000, 0x000000044e000000|  0%| F|  |TAMS 0x000000044d800000, 0x000000044d800000| Untracked 
| 114|0x000000044e000000, 0x000000044e000000, 0x000000044e800000|  0%| F|  |TAMS 0x000000044e000000, 0x000000044e000000| Untracked 
| 115|0x000000044e800000, 0x000000044e800000, 0x000000044f000000|  0%| F|  |TAMS 0x000000044e800000, 0x000000044e800000| Untracked 
| 116|0x000000044f000000, 0x000000044f000000, 0x000000044f800000|  0%| F|  |TAMS 0x000000044f000000, 0x000000044f000000| Untracked 
| 117|0x000000044f800000, 0x000000044f800000, 0x0000000450000000|  0%| F|  |TAMS 0x000000044f800000, 0x000000044f800000| Untracked 
| 118|0x0000000450000000, 0x0000000450000000, 0x0000000450800000|  0%| F|  |TAMS 0x0000000450000000, 0x0000000450000000| Untracked 
| 119|0x0000000450800000, 0x0000000450c3c398, 0x0000000451000000| 52%| E|CS|TAMS 0x0000000450800000, 0x0000000450800000| Complete 
| 120|0x0000000451000000, 0x000000045150e5b0, 0x0000000451800000| 63%| S|  |TAMS 0x0000000451000000, 0x0000000451000000| Complete 
| 121|0x0000000451800000, 0x0000000452000000, 0x0000000452000000|100%| E|CS|TAMS 0x0000000451800000, 0x0000000451800000| Complete 
| 122|0x0000000452000000, 0x0000000452800000, 0x0000000452800000|100%| E|CS|TAMS 0x0000000452000000, 0x0000000452000000| Complete 
| 123|0x0000000452800000, 0x0000000453000000, 0x0000000453000000|100%| E|CS|TAMS 0x0000000452800000, 0x0000000452800000| Complete 
| 124|0x0000000453000000, 0x0000000453800000, 0x0000000453800000|100%| E|CS|TAMS 0x0000000453000000, 0x0000000453000000| Complete 
| 125|0x0000000453800000, 0x0000000454000000, 0x0000000454000000|100%| E|CS|TAMS 0x0000000453800000, 0x0000000453800000| Complete 
|2004|0x00000007ff000000, 0x00000007ff776000, 0x00000007ff800000| 93%|OA|  |TAMS 0x00000007ff000000, 0x00000007ff000000| Untracked 
|2005|0x00000007ff800000, 0x00000007ff882000, 0x0000000800000000|  6%|CA|  |TAMS 0x00000007ff800000, 0x00000007ff800000| Untracked 

Card table byte_map: [0x00007f69d47f4000,0x00007f69d674c000] _byte_map_base: 0x00007f69d274c000

Marking Bits (Prev, Next): (CMBitMap*) 0x00007f69f004d230, (CMBitMap*) 0x00007f69f004d270
 Prev Bits: [0x00007f69c2ddc000, 0x00007f69d289c000)
 Next Bits: [0x00007f69b331c000, 0x00007f69c2ddc000)

Polling page: 0x00007f69f5a6f000

Metaspace:

Usage:
  Non-class:     10,70 MB used.
      Class:      1,42 MB used.
       Both:     12,13 MB used.

Virtual space:
  Non-class space:       16,00 MB reserved,      10,81 MB ( 68%) committed,  2 nodes.
      Class space:        1,00 GB reserved,       1,50 MB ( <1%) committed,  1 nodes.
             Both:        1,02 GB reserved,      12,31 MB (  1%) committed. 

Chunk freelists:
   Non-Class:  3,73 MB
       Class:  2,52 MB
        Both:  6,25 MB

MaxMetaspaceSize: unlimited
CompressedClassSpaceSize: 1,00 GB
Initial GC threshold: 21,00 MB
Current GC threshold: 21,00 MB
CDS: on
MetaspaceReclaimPolicy: balanced
 - commit_granule_bytes: 65536.
 - commit_granule_words: 8192.
 - virtual_space_node_default_size: 1048576.
 - enlarge_chunks_in_place: 1.
 - new_chunks_are_fully_committed: 0.
 - uncommit_free_chunks: 1.
 - use_allocation_guard: 0.
 - handle_deallocations: 1.


Internal statistics:

num_allocs_failed_limit: 0.
num_arena_births: 56.
num_arena_deaths: 0.
num_vsnodes_births: 3.
num_vsnodes_deaths: 0.
num_space_committed: 197.
num_space_uncommitted: 0.
num_chunks_returned_to_freelist: 0.
num_chunks_taken_from_freelist: 476.
num_chunk_merges: 0.
num_chunk_splits: 342.
num_chunks_enlarged: 278.
num_purges: 0.
num_inconsistent_stats: 0.

CodeHeap 'non-profiled nmethods': size=120028Kb used=1230Kb max_used=1230Kb free=118797Kb
 bounds [0x00007f69e0bd5000, 0x00007f69e0e45000, 0x00007f69e810c000]
CodeHeap 'profiled nmethods': size=120028Kb used=5125Kb max_used=5125Kb free=114902Kb
 bounds [0x00007f69d969e000, 0x00007f69d9bae000, 0x00007f69e0bd5000]
CodeHeap 'non-nmethods': size=5704Kb used=1161Kb max_used=1213Kb free=4542Kb
 bounds [0x00007f69d910c000, 0x00007f69d937c000, 0x00007f69d969e000]
 total_blobs=3079 nmethods=2631 adapters=361
 compilation: enabled
              stopped_count=0, restarted_count=0
 full_count=0

Compilation events (20 events):
Event: 0,935 Thread 0x00007f69f01d56c0 2627       1       org.apache.maven.model.Scm::getTag (5 bytes)
Event: 0,935 Thread 0x00007f69f01d56c0 nmethod 2627 0x00007f69e0d06c10 code [0x00007f69e0d06da0, 0x00007f69e0d06e70]
Event: 0,935 Thread 0x00007f69f01d56c0 2628       3       org.apache.maven.artifact.ArtifactUtils::notBlank (56 bytes)
Event: 0,936 Thread 0x00007f69f01d56c0 nmethod 2628 0x00007f69d9b9dd10 code [0x00007f69d9b9df40, 0x00007f69d9b9e800]
Event: 0,936 Thread 0x00007f69f01d56c0 2630       3       org.apache.maven.model.Build::getExtensions (23 bytes)
Event: 0,936 Thread 0x00007f69f01d56c0 nmethod 2630 0x00007f69d9b9eb10 code [0x00007f69d9b9ece0, 0x00007f69d9b9f0d0]
Event: 0,936 Thread 0x00007f69f01d56c0 2629       1       org.apache.maven.model.FileSet::setDirectory (6 bytes)
Event: 0,936 Thread 0x00007f69f01d56c0 nmethod 2629 0x00007f69e0d06f10 code [0x00007f69e0d070a0, 0x00007f69e0d071b0]
Event: 0,936 Thread 0x00007f69f01d4190 nmethod 2610 0x00007f69e0d07210 code [0x00007f69e0d073a0, 0x00007f69e0d07b58]
Event: 0,936 Thread 0x00007f69f01d4190 2613       4       java.lang.Character::codePointBefore (48 bytes)
Event: 0,936 Thread 0x00007f69f01d56c0 2631       1       org.eclipse.aether.resolution.ArtifactDescriptorRequest::getRequestContext (5 bytes)
Event: 0,936 Thread 0x00007f69f01d56c0 nmethod 2631 0x00007f69e0d07d10 code [0x00007f69e0d07ea0, 0x00007f69e0d07f70]
Event: 0,936 Thread 0x00007f69f01d56c0 2632       1       org.eclipse.aether.resolution.ArtifactDescriptorRequest::getRepositories (5 bytes)
Event: 0,936 Thread 0x00007f69f01d56c0 nmethod 2632 0x00007f69e0d08010 code [0x00007f69e0d081a0, 0x00007f69e0d08270]
Event: 0,937 Thread 0x00007f69f01d56c0 2633       1       org.apache.maven.model.building.ModelData::getSource (5 bytes)
Event: 0,937 Thread 0x00007f69f01d56c0 nmethod 2633 0x00007f69e0d08310 code [0x00007f69e0d084a0, 0x00007f69e0d08570]
Event: 0,937 Thread 0x00007f69f01d56c0 2634       3       java.io.FileInputStream::read (9 bytes)
Event: 0,937 Thread 0x00007f69f01d56c0 nmethod 2634 0x00007f69d9b9f210 code [0x00007f69d9b9f3c0, 0x00007f69d9b9f500]
Event: 0,937 Thread 0x00007f69f01d56c0 2635       1       org.apache.maven.model.PluginExecution::setPhase (6 bytes)
Event: 0,937 Thread 0x00007f69f01d56c0 nmethod 2635 0x00007f69e0d08610 code [0x00007f69e0d087a0, 0x00007f69e0d088b0]

GC Heap History (3 events):
Event: 0,528 GC heap before
{Heap before GC invocations=0 (full 0):
 garbage-first heap   total 1048576K, used 57312K [0x0000000415000000, 0x0000000800000000)
  region size 8192K, 6 young (49152K), 0 survivors (0K)
 Metaspace       used 8880K, committed 9024K, reserved 1064960K
  class space    used 1090K, committed 1152K, reserved 1048576K
}
Event: 0,530 GC heap after
{Heap after GC invocations=1 (full 0):
 garbage-first heap   total 1048576K, used 12496K [0x0000000415000000, 0x0000000800000000)
  region size 8192K, 1 young (8192K), 1 survivors (8192K)
 Metaspace       used 8880K, committed 9024K, reserved 1064960K
  class space    used 1090K, committed 1152K, reserved 1048576K
}
Event: 0,938 GC heap before
{Heap before GC invocations=1 (full 0):
 garbage-first heap   total 1048576K, used 53456K [0x0000000415000000, 0x0000000800000000)
  region size 8192K, 6 young (49152K), 1 survivors (8192K)
 Metaspace       used 12416K, committed 12608K, reserved 1064960K
  class space    used 1456K, committed 1536K, reserved 1048576K
}

Deoptimization events (20 events):
Event: 0,810 Thread 0x00007f69f00144b0 DEOPT PACKING pc=0x00007f69e0c20570 sp=0x00007f69f4131cc0
Event: 0,810 Thread 0x00007f69f00144b0 DEOPT UNPACKING pc=0x00007f69d915e099 sp=0x00007f69f4131c68 mode 2
Event: 0,820 Thread 0x00007f69f00144b0 Uncommon trap: trap_request=0xffffff45 fr.pc=0x00007f69e0cbdab4 relative=0x0000000000000094
Event: 0,820 Thread 0x00007f69f00144b0 Uncommon trap: reason=unstable_if action=reinterpret pc=0x00007f69e0cbdab4 method=org.apache.maven.model.validation.DefaultModelValidator.isValidIdCharacter(C)Z @ 51 c2
Event: 0,820 Thread 0x00007f69f00144b0 DEOPT PACKING pc=0x00007f69e0cbdab4 sp=0x00007f69f4132460
Event: 0,820 Thread 0x00007f69f00144b0 DEOPT UNPACKING pc=0x00007f69d915e099 sp=0x00007f69f4132408 mode 2
Event: 0,869 Thread 0x00007f69f00144b0 DEOPT PACKING pc=0x00007f69d9a985ee sp=0x00007f69f4131b50
Event: 0,869 Thread 0x00007f69f00144b0 DEOPT UNPACKING pc=0x00007f69d915e82f sp=0x00007f69f4131078 mode 0
Event: 0,880 Thread 0x00007f69f00144b0 Uncommon trap: trap_request=0xffffff45 fr.pc=0x00007f69e0cb6270 relative=0x0000000000001550
Event: 0,880 Thread 0x00007f69f00144b0 Uncommon trap: reason=unstable_if action=reinterpret pc=0x00007f69e0cb6270 method=java.util.HashMap.hash(Ljava/lang/Object;)I @ 1 c2
Event: 0,880 Thread 0x00007f69f00144b0 DEOPT PACKING pc=0x00007f69e0cb6270 sp=0x00007f69f4132820
Event: 0,880 Thread 0x00007f69f00144b0 DEOPT UNPACKING pc=0x00007f69d915e099 sp=0x00007f69f41327b8 mode 2
Event: 0,880 Thread 0x00007f69f00144b0 Uncommon trap: trap_request=0xffffff45 fr.pc=0x00007f69e0c72afc relative=0x000000000000043c
Event: 0,880 Thread 0x00007f69f00144b0 Uncommon trap: reason=unstable_if action=reinterpret pc=0x00007f69e0c72afc method=java.util.HashMap.hash(Ljava/lang/Object;)I @ 1 c2
Event: 0,880 Thread 0x00007f69f00144b0 DEOPT PACKING pc=0x00007f69e0c72afc sp=0x00007f69f41328a0
Event: 0,880 Thread 0x00007f69f00144b0 DEOPT UNPACKING pc=0x00007f69d915e099 sp=0x00007f69f4132768 mode 2
Event: 0,880 Thread 0x00007f69f00144b0 Uncommon trap: trap_request=0xffffff45 fr.pc=0x00007f69e0c543b8 relative=0x0000000000000098
Event: 0,880 Thread 0x00007f69f00144b0 Uncommon trap: reason=unstable_if action=reinterpret pc=0x00007f69e0c543b8 method=java.util.HashMap.hash(Ljava/lang/Object;)I @ 1 c2
Event: 0,880 Thread 0x00007f69f00144b0 DEOPT PACKING pc=0x00007f69e0c543b8 sp=0x00007f69f41328b0
Event: 0,881 Thread 0x00007f69f00144b0 DEOPT UNPACKING pc=0x00007f69d915e099 sp=0x00007f69f4132868 mode 2

Classes unloaded (0 events):
No events

Classes redefined (0 events):
No events

Internal exceptions (17 events):
Event: 0,082 Thread 0x00007f69f00144b0 Exception <a 'java/lang/NullPointerException'{0x0000000453bdf860}> (0x0000000453bdf860) 
thrown [src/hotspot/share/interpreter/linkResolver.cpp, line 1357]
Event: 0,091 Thread 0x00007f69f00144b0 Exception <a 'java/lang/NullPointerException'{0x0000000453d29a70}> (0x0000000453d29a70) 
thrown [src/hotspot/share/interpreter/linkResolver.cpp, line 1357]
Event: 0,091 Thread 0x00007f69f00144b0 Exception <a 'java/lang/NullPointerException'{0x0000000453d29d48}> (0x0000000453d29d48) 
thrown [src/hotspot/share/interpreter/linkResolver.cpp, line 1357]
Event: 0,091 Thread 0x00007f69f00144b0 Exception <a 'java/lang/NullPointerException'{0x0000000453d2a020}> (0x0000000453d2a020) 
thrown [src/hotspot/share/interpreter/linkResolver.cpp, line 1357]
Event: 0,091 Thread 0x00007f69f00144b0 Exception <a 'java/lang/NullPointerException'{0x0000000453d2fd88}> (0x0000000453d2fd88) 
thrown [src/hotspot/share/interpreter/linkResolver.cpp, line 1357]
Event: 0,092 Thread 0x00007f69f00144b0 Exception <a 'java/lang/NullPointerException'{0x0000000453d45ac0}> (0x0000000453d45ac0) 
thrown [src/hotspot/share/interpreter/linkResolver.cpp, line 1357]
Event: 0,092 Thread 0x00007f69f00144b0 Exception <a 'java/lang/NullPointerException'{0x0000000453d45d98}> (0x0000000453d45d98) 
thrown [src/hotspot/share/interpreter/linkResolver.cpp, line 1357]
Event: 0,092 Thread 0x00007f69f00144b0 Exception <a 'java/lang/NullPointerException'{0x0000000453d46070}> (0x0000000453d46070) 
thrown [src/hotspot/share/interpreter/linkResolver.cpp, line 1357]
Event: 0,092 Thread 0x00007f69f00144b0 Exception <a 'java/lang/NullPointerException'{0x0000000453d46380}> (0x0000000453d46380) 
thrown [src/hotspot/share/interpreter/linkResolver.cpp, line 1357]
Event: 0,229 Thread 0x00007f69f00144b0 Exception <a 'java/lang/NoSuchMethodError'{0x000000045373b1c8}: 'java.lang.Object java.lang.invoke.DirectMethodHandle$Holder.newInvokeSpecial(java.lang.Object, java.lang.Object, java.lang.Object, java.lang.Object, java.lang.Object)'> (0x000000045373b1c8) 
thrown [src/hotspot/share/interpreter/linkResolver.cpp, line 765]
Event: 0,247 Thread 0x00007f69f00144b0 Exception <a 'java/lang/NoClassDefFoundError'{0x00000004528a5840}: javax/enterprise/inject/Typed> (0x00000004528a5840) 
thrown [src/hotspot/share/classfile/systemDictionary.cpp, line 245]
Event: 0,608 Thread 0x00007f69f00144b0 Exception <a 'java/lang/NoClassDefFoundError'{0x0000000453cd3418}: com/google/inject/servlet/ServletModuleTargetVisitor> (0x0000000453cd3418) 
thrown [src/hotspot/share/classfile/systemDictionary.cpp, line 245]
Event: 0,699 Thread 0x00007f69f00144b0 Implicit null exception at 0x00007f69e0c0d8d4 to 0x00007f69e0c0def8
Event: 0,699 Thread 0x00007f69f00144b0 Implicit null exception at 0x00007f69e0bfa4d4 to 0x00007f69e0bfaae8
Event: 0,880 Thread 0x00007f69f00144b0 Implicit null exception at 0x00007f69e0cb4d60 to 0x00007f69e0cb625b
Event: 0,880 Thread 0x00007f69f00144b0 Implicit null exception at 0x00007f69e0c7270f to 0x00007f69e0c72adc
Event: 0,880 Thread 0x00007f69f00144b0 Implicit null exception at 0x00007f69e0c5432f to 0x00007f69e0c543a9

VM Operations (20 events):
Event: 0,417 Executing VM operation: HandshakeAllThreads done
Event: 0,527 Executing VM operation: G1CollectForAllocation
Event: 0,530 Executing VM operation: G1CollectForAllocation done
Event: 0,539 Executing VM operation: HandshakeAllThreads
Event: 0,539 Executing VM operation: HandshakeAllThreads done
Event: 0,539 Executing VM operation: HandshakeAllThreads
Event: 0,539 Executing VM operation: HandshakeAllThreads done
Event: 0,594 Executing VM operation: HandshakeAllThreads
Event: 0,594 Executing VM operation: HandshakeAllThreads done
Event: 0,637 Executing VM operation: HandshakeAllThreads
Event: 0,637 Executing VM operation: HandshakeAllThreads done
Event: 0,653 Executing VM operation: HandshakeAllThreads
Event: 0,653 Executing VM operation: HandshakeAllThreads done
Event: 0,665 Executing VM operation: ICBufferFull
Event: 0,665 Executing VM operation: ICBufferFull done
Event: 0,690 Executing VM operation: HandshakeAllThreads
Event: 0,690 Executing VM operation: HandshakeAllThreads done
Event: 0,832 Executing VM operation: ICBufferFull
Event: 0,832 Executing VM operation: ICBufferFull done
Event: 0,937 Executing VM operation: G1CollectForAllocation

Events (20 events):
Event: 0,892 loading class org/eclipse/aether/util/graph/manager/ClassicDependencyManager$Key
Event: 0,892 loading class org/eclipse/aether/util/graph/manager/ClassicDependencyManager$Key done
Event: 0,892 loading class org/eclipse/aether/graph/Dependency$Exclusions$1
Event: 0,892 loading class org/eclipse/aether/graph/Dependency$Exclusions$1 done
Event: 0,894 loading class org/eclipse/aether/internal/impl/collect/DataPool$ConstraintKey
Event: 0,894 loading class org/eclipse/aether/internal/impl/collect/DataPool$ConstraintKey done
Event: 0,894 loading class org/eclipse/aether/internal/impl/collect/DataPool$Constraint
Event: 0,894 loading class org/eclipse/aether/internal/impl/collect/DataPool$Constraint done
Event: 0,894 loading class org/eclipse/aether/internal/impl/collect/DataPool$Constraint$VersionRepo
Event: 0,894 loading class org/eclipse/aether/internal/impl/collect/DataPool$Constraint$VersionRepo done
Event: 0,895 loading class org/eclipse/aether/internal/impl/collect/DataPool$GoodDescriptor
Event: 0,895 loading class org/eclipse/aether/internal/impl/collect/DataPool$GoodDescriptor done
Event: 0,896 loading class org/eclipse/aether/internal/impl/collect/DataPool$Descriptor
Event: 0,896 loading class org/eclipse/aether/internal/impl/collect/DataPool$Descriptor done
Event: 0,896 loading class org/eclipse/aether/internal/impl/collect/DataPool$GraphKey
Event: 0,896 loading class org/eclipse/aether/internal/impl/collect/DataPool$GraphKey done
Event: 0,897 loading class org/eclipse/aether/collection/DependencyManagement
Event: 0,897 loading class org/eclipse/aether/collection/DependencyManagement done
Event: 0,936 loading class org/eclipse/aether/util/graph/selector/ExclusionDependencySelector$ExclusionComparator
Event: 0,936 loading class org/eclipse/aether/util/graph/selector/ExclusionDependencySelector$ExclusionComparator done


Dynamic libraries:
415000000-454000000 rw-p 00000000 00:00 0 
454000000-7ff000000 ---p 00000000 00:00 0 
7ff000000-7ff700000 rw-p 00000000 00:00 0 
7ff700000-7ff776000 rw-p 00c96000 08:01 1978783                          /usr/lib/jvm/java-17-openjdk-amd64/lib/server/classes.jsa
7ff776000-7ff800000 rw-p 00000000 00:00 0 
7ff800000-7ff882000 rw-p 00c14000 08:01 1978783                          /usr/lib/jvm/java-17-openjdk-amd64/lib/server/classes.jsa
7ff882000-800000000 rw-p 00000000 00:00 0 
800000000-80043f000 rw-p 00001000 08:01 1978783                          /usr/lib/jvm/java-17-openjdk-amd64/lib/server/classes.jsa
80043f000-800bdb000 r--p 00440000 08:01 1978783                          /usr/lib/jvm/java-17-openjdk-amd64/lib/server/classes.jsa
800bdb000-800c00000 ---p 00000000 00:00 0 
800c00000-800c40000 rw-p 00000000 00:00 0 
800c40000-800c80000 rw-p 00000000 00:00 0 
800c80000-800d80000 rw-p 00000000 00:00 0 
800d80000-840c00000 ---p 00000000 00:00 0 
55d44797a000-55d44797b000 r--p 00000000 08:01 1714751                    /usr/lib/jvm/java-17-openjdk-amd64/bin/java
55d44797b000-55d44797c000 r-xp 00001000 08:01 1714751                    /usr/lib/jvm/java-17-openjdk-amd64/bin/java
55d44797c000-55d44797d000 r--p 00002000 08:01 1714751                    /usr/lib/jvm/java-17-openjdk-amd64/bin/java
55d44797d000-55d44797e000 r--p 00002000 08:01 1714751                    /usr/lib/jvm/java-17-openjdk-amd64/bin/java
55d44797e000-55d44797f000 rw-p 00003000 08:01 1714751                    /usr/lib/jvm/java-17-openjdk-amd64/bin/java
55d449796000-55d4497b7000 rw-p 00000000 00:00 0                          [heap]
7f6944000000-7f6944021000 rw-p 00000000 00:00 0 
7f6944021000-7f6948000000 ---p 00000000 00:00 0 
7f6948000000-7f6948021000 rw-p 00000000 00:00 0 
7f6948021000-7f694c000000 ---p 00000000 00:00 0 
7f694c000000-7f694c021000 rw-p 00000000 00:00 0 
7f694c021000-7f6950000000 ---p 00000000 00:00 0 
7f6950000000-7f6950021000 rw-p 00000000 00:00 0 
7f6950021000-7f6954000000 ---p 00000000 00:00 0 
7f6954000000-7f6954021000 rw-p 00000000 00:00 0 
7f6954021000-7f6958000000 ---p 00000000 00:00 0 
7f6958000000-7f6958021000 rw-p 00000000 00:00 0 
7f6958021000-7f695c000000 ---p 00000000 00:00 0 
7f695c000000-7f695c66a000 rw-p 00000000 00:00 0 
7f695c66a000-7f6960000000 ---p 00000000 00:00 0 
7f6960000000-7f6960021000 rw-p 00000000 00:00 0 
7f6960021000-7f6964000000 ---p 00000000 00:00 0 
7f6964000000-7f6964021000 rw-p 00000000 00:00 0 
7f6964021000-7f6968000000 ---p 00000000 00:00 0 
7f6968000000-7f6968513000 rw-p 00000000 00:00 0 
7f6968513000-7f696c000000 ---p 00000000 00:00 0 
7f696c000000-7f696c021000 rw-p 00000000 00:00 0 
7f696c021000-7f6970000000 ---p 00000000 00:00 0 
7f6970000000-7f6970021000 rw-p 00000000 00:00 0 
7f6970021000-7f6974000000 ---p 00000000 00:00 0 
7f6974000000-7f6974552000 rw-p 00000000 00:00 0 
7f6974552000-7f6978000000 ---p 00000000 00:00 0 
7f6978000000-7f6978021000 rw-p 00000000 00:00 0 
7f6978021000-7f697c000000 ---p 00000000 00:00 0 
7f697c000000-7f697c021000 rw-p 00000000 00:00 0 
7f697c021000-7f6980000000 ---p 00000000 00:00 0 
7f6980000000-7f6980988000 rw-p 00000000 00:00 0 
7f6980988000-7f6984000000 ---p 00000000 00:00 0 
7f6984000000-7f6984021000 rw-p 00000000 00:00 0 
7f6984021000-7f6988000000 ---p 00000000 00:00 0 
7f6988000000-7f6988021000 rw-p 00000000 00:00 0 
7f6988021000-7f698c000000 ---p 00000000 00:00 0 
7f698c000000-7f698c021000 rw-p 00000000 00:00 0 
7f698c021000-7f6990000000 ---p 00000000 00:00 0 
7f6990000000-7f6990021000 rw-p 00000000 00:00 0 
7f6990021000-7f6994000000 ---p 00000000 00:00 0 
7f6994000000-7f6994021000 rw-p 00000000 00:00 0 
7f6994021000-7f6998000000 ---p 00000000 00:00 0 
7f69992f6000-7f69992f7000 ---p 00000000 00:00 0 
7f69992f7000-7f69993f8000 rw-p 00000000 00:00 0 
7f69993f8000-7f69993f9000 ---p 00000000 00:00 0 
7f69993f9000-7f69994fa000 rw-p 00000000 00:00 0 
7f69994fa000-7f69994fb000 ---p 00000000 00:00 0 
7f69994fb000-7f69995fc000 rw-p 00000000 00:00 0 
7f69995fc000-7f69995fd000 ---p 00000000 00:00 0 
7f69995fd000-7f69996fe000 rw-p 00000000 00:00 0 
7f69996fe000-7f69996ff000 ---p 00000000 00:00 0 
7f69996ff000-7f6999c50000 rw-p 00000000 00:00 0 
7f6999c50000-7f699a000000 ---p 00000000 00:00 0 
7f699a100000-7f699a101000 ---p 00000000 00:00 0 
7f699a101000-7f699a202000 rw-p 00000000 00:00 0 
7f699a202000-7f699a203000 ---p 00000000 00:00 0 
7f699a203000-7f699a304000 rw-p 00000000 00:00 0 
7f699a304000-7f699a308000 ---p 00000000 00:00 0 
7f699a308000-7f699a405000 rw-p 00000000 00:00 0 
7f699a405000-7f699a409000 ---p 00000000 00:00 0 
7f699a409000-7f699a506000 rw-p 00000000 00:00 0 
7f699a506000-7f699a509000 r-xp 00000000 08:01 134398                     /tmp/jansi-2.3.4-b85fe32e31160ac5-libjansi.so
7f699a509000-7f699a708000 ---p 00003000 08:01 134398                     /tmp/jansi-2.3.4-b85fe32e31160ac5-libjansi.so
7f699a708000-7f699a709000 rw-p 00002000 08:01 134398                     /tmp/jansi-2.3.4-b85fe32e31160ac5-libjansi.so
7f699a709000-7f699a70d000 ---p 00000000 00:00 0 
7f699a70d000-7f699a80a000 rw-p 00000000 00:00 0 
7f699a80a000-7f699a80b000 ---p 00000000 00:00 0 
7f699a80b000-7f699a90c000 rw-p 00000000 00:00 0 
7f699a90c000-7f699a910000 ---p 00000000 00:00 0 
7f699a910000-7f699aa0d000 rw-p 00000000 00:00 0 
7f699aa0d000-7f699aa11000 ---p 00000000 00:00 0 
7f699aa11000-7f699ab0e000 rw-p 00000000 00:00 0 
7f699ab0e000-7f699ab12000 ---p 00000000 00:00 0 
7f699ab12000-7f699ac0f000 rw-p 00000000 00:00 0 
7f699ac0f000-7f699ac13000 ---p 00000000 00:00 0 
7f699ac13000-7f699ad10000 rw-p 00000000 00:00 0 
7f699ad10000-7f699ad14000 ---p 00000000 00:00 0 
7f699ad14000-7f699ae11000 rw-p 00000000 00:00 0 
7f699ae11000-7f699ae15000 ---p 00000000 00:00 0 
7f699ae15000-7f699af12000 rw-p 00000000 00:00 0 
7f699af12000-7f699af16000 ---p 00000000 00:00 0 
7f699af16000-7f699b013000 rw-p 00000000 00:00 0 
7f699b013000-7f699b800000 r--p 00000000 08:01 11301                      /usr/lib/locale/locale-archive
7f699b800000-7f699ba80000 rw-p 00000000 00:00 0 
7f699ba80000-7f699bc00000 ---p 00000000 00:00 0 
7f699bc00000-7f699c000000 rw-p 00000000 00:00 0 
7f699c000000-7f699c021000 rw-p 00000000 00:00 0 
7f699c021000-7f69a0000000 ---p 00000000 00:00 0 
7f69a0000000-7f69a0021000 rw-p 00000000 00:00 0 
7f69a0021000-7f69a4000000 ---p 00000000 00:00 0 
7f69a4000000-7f69a4021000 rw-p 00000000 00:00 0 
7f69a4021000-7f69a8000000 ---p 00000000 00:00 0 
7f69a8000000-7f69a8021000 rw-p 00000000 00:00 0 
7f69a8021000-7f69ac000000 ---p 00000000 00:00 0 
7f69ac000000-7f69ac021000 rw-p 00000000 00:00 0 
7f69ac021000-7f69b0000000 ---p 00000000 00:00 0 
7f69b0027000-7f69b002b000 r--p 00000000 08:01 1714827                    /usr/lib/jvm/java-17-openjdk-amd64/lib/libverify.so
7f69b002b000-7f69b0032000 r-xp 00004000 08:01 1714827                    /usr/lib/jvm/java-17-openjdk-amd64/lib/libverify.so
7f69b0032000-7f69b0034000 r--p 0000b000 08:01 1714827                    /usr/lib/jvm/java-17-openjdk-amd64/lib/libverify.so
7f69b0034000-7f69b0035000 ---p 0000d000 08:01 1714827                    /usr/lib/jvm/java-17-openjdk-amd64/lib/libverify.so
7f69b0035000-7f69b0037000 r--p 0000d000 08:01 1714827                    /usr/lib/jvm/java-17-openjdk-amd64/lib/libverify.so
7f69b0037000-7f69b0038000 rw-p 0000f000 08:01 1714827                    /usr/lib/jvm/java-17-openjdk-amd64/lib/libverify.so
7f69b0038000-7f69b0069000 rw-p 00000000 00:00 0 
7f69b0069000-7f69b006d000 r--p 00000000 08:01 1714819                    /usr/lib/jvm/java-17-openjdk-amd64/lib/libnet.so
7f69b006d000-7f69b007b000 r-xp 00004000 08:01 1714819                    /usr/lib/jvm/java-17-openjdk-amd64/lib/libnet.so
7f69b007b000-7f69b007f000 r--p 00012000 08:01 1714819                    /usr/lib/jvm/java-17-openjdk-amd64/lib/libnet.so
7f69b007f000-7f69b0080000 r--p 00015000 08:01 1714819                    /usr/lib/jvm/java-17-openjdk-amd64/lib/libnet.so
7f69b0080000-7f69b0081000 rw-p 00016000 08:01 1714819                    /usr/lib/jvm/java-17-openjdk-amd64/lib/libnet.so
7f69b0081000-7f69b0087000 r--p 00000000 08:01 1714820                    /usr/lib/jvm/java-17-openjdk-amd64/lib/libnio.so
7f69b0087000-7f69b0090000 r-xp 00006000 08:01 1714820                    /usr/lib/jvm/java-17-openjdk-amd64/lib/libnio.so
7f69b0090000-7f69b0094000 r--p 0000f000 08:01 1714820                    /usr/lib/jvm/java-17-openjdk-amd64/lib/libnio.so
7f69b0094000-7f69b0095000 ---p 00013000 08:01 1714820                    /usr/lib/jvm/java-17-openjdk-amd64/lib/libnio.so
7f69b0095000-7f69b0096000 r--p 00013000 08:01 1714820                    /usr/lib/jvm/java-17-openjdk-amd64/lib/libnio.so
7f69b0096000-7f69b0097000 rw-p 00014000 08:01 1714820                    /usr/lib/jvm/java-17-openjdk-amd64/lib/libnio.so
7f69b0097000-7f69b009b000 ---p 00000000 00:00 0 
7f69b009b000-7f69b0198000 rw-p 00000000 00:00 0 
7f69b0198000-7f69b019c000 ---p 00000000 00:00 0 
7f69b019c000-7f69b0299000 rw-p 00000000 00:00 0 
7f69b0299000-7f69b029a000 ---p 00000000 00:00 0 
7f69b029a000-7f69b039b000 rw-p 00000000 00:00 0 
7f69b039b000-7f69b039f000 r--p 00000000 08:01 1714825                    /usr/lib/jvm/java-17-openjdk-amd64/lib/libsvml.so
7f69b039f000-7f69b03e0000 r-xp 00004000 08:01 1714825                    /usr/lib/jvm/java-17-openjdk-amd64/lib/libsvml.so
7f69b03e0000-7f69b0469000 r--p 00045000 08:01 1714825                    /usr/lib/jvm/java-17-openjdk-amd64/lib/libsvml.so
7f69b0469000-7f69b046a000 r--p 000cd000 08:01 1714825                    /usr/lib/jvm/java-17-openjdk-amd64/lib/libsvml.so
7f69b046a000-7f69b046b000 rw-p 000ce000 08:01 1714825                    /usr/lib/jvm/java-17-openjdk-amd64/lib/libsvml.so
7f69b046b000-7f69b0588000 rw-p 00000000 00:00 0 
7f69b0588000-7f69b0589000 ---p 00000000 00:00 0 
7f69b0589000-7f69b068a000 rw-p 00000000 00:00 0 
7f69b068a000-7f69b068b000 ---p 00000000 00:00 0 
7f69b068b000-7f69b2f94000 rw-p 00000000 00:00 0 
7f69b2f94000-7f69b2f95000 ---p 00000000 00:00 0 
7f69b2f95000-7f69b3096000 rw-p 00000000 00:00 0 
7f69b3096000-7f69b3097000 ---p 00000000 00:00 0 
7f69b3097000-7f69b3198000 rw-p 00000000 00:00 0 
7f69b3198000-7f69b3199000 ---p 00000000 00:00 0 
7f69b3199000-7f69b42dc000 rw-p 00000000 00:00 0 
7f69b42dc000-7f69c2d9c000 ---p 00000000 00:00 0 
7f69c2d9c000-7f69c3d9c000 rw-p 00000000 00:00 0 
7f69c3d9c000-7f69d285c000 ---p 00000000 00:00 0 
7f69d285c000-7f69d2a94000 rw-p 00000000 00:00 0 
7f69d2a94000-7f69d47ec000 ---p 00000000 00:00 0 
7f69d47ec000-7f69d49ec000 rw-p 00000000 00:00 0 
7f69d49ec000-7f69d6744000 ---p 00000000 00:00 0 
7f69d6744000-7f69d6944000 rw-p 00000000 00:00 0 
7f69d6944000-7f69d869c000 ---p 00000000 00:00 0 
7f69d869c000-7f69d8f2f000 rw-p 00000000 00:00 0 
7f69d8f2f000-7f69d9015000 ---p 00000000 00:00 0 
7f69d9015000-7f69d9020000 rw-p 00000000 00:00 0 
7f69d9020000-7f69d9100000 ---p 00000000 00:00 0 
7f69d9100000-7f69d9105000 rw-p 00000000 00:00 0 
7f69d9105000-7f69d910c000 ---p 00000000 00:00 0 
7f69d910c000-7f69d937c000 rwxp 00000000 00:00 0 
7f69d937c000-7f69d969e000 ---p 00000000 00:00 0 
7f69d969e000-7f69d9bae000 rwxp 00000000 00:00 0 
7f69d9bae000-7f69e0bd5000 ---p 00000000 00:00 0 
7f69e0bd5000-7f69e0e45000 rwxp 00000000 00:00 0 
7f69e0e45000-7f69e810c000 ---p 00000000 00:00 0 
7f69e810c000-7f69e8118000 r--p 00000000 08:01 1714807                    /usr/lib/jvm/java-17-openjdk-amd64/lib/libjava.so
7f69e8118000-7f69e812b000 r-xp 0000c000 08:01 1714807                    /usr/lib/jvm/java-17-openjdk-amd64/lib/libjava.so
7f69e812b000-7f69e8131000 r--p 0001f000 08:01 1714807                    /usr/lib/jvm/java-17-openjdk-amd64/lib/libjava.so
7f69e8131000-7f69e8132000 ---p 00025000 08:01 1714807                    /usr/lib/jvm/java-17-openjdk-amd64/lib/libjava.so
7f69e8132000-7f69e8133000 r--p 00025000 08:01 1714807                    /usr/lib/jvm/java-17-openjdk-amd64/lib/libjava.so
7f69e8133000-7f69e8134000 rw-p 00026000 08:01 1714807                    /usr/lib/jvm/java-17-openjdk-amd64/lib/libjava.so
7f69e8134000-7f69e8135000 rw-p 00000000 00:00 0 
7f69e8135000-7f69e8138000 r--p 00000000 08:01 5656                       /lib/x86_64-linux-gnu/libnss_files-2.31.so
7f69e8138000-7f69e813f000 r-xp 00003000 08:01 5656                       /lib/x86_64-linux-gnu/libnss_files-2.31.so
7f69e813f000-7f69e8141000 r--p 0000a000 08:01 5656                       /lib/x86_64-linux-gnu/libnss_files-2.31.so
7f69e8141000-7f69e8142000 r--p 0000b000 08:01 5656                       /lib/x86_64-linux-gnu/libnss_files-2.31.so
7f69e8142000-7f69e8143000 rw-p 0000c000 08:01 5656                       /lib/x86_64-linux-gnu/libnss_files-2.31.so
7f69e8143000-7f69e8149000 rw-p 00000000 00:00 0 
7f69e8149000-7f69e814e000 r--p 00000000 08:01 5653                       /lib/x86_64-linux-gnu/libnsl-2.31.so
7f69e814e000-7f69e815e000 r-xp 00005000 08:01 5653                       /lib/x86_64-linux-gnu/libnsl-2.31.so
7f69e815e000-7f69e8162000 r--p 00015000 08:01 5653                       /lib/x86_64-linux-gnu/libnsl-2.31.so
7f69e8162000-7f69e8163000 r--p 00018000 08:01 5653                       /lib/x86_64-linux-gnu/libnsl-2.31.so
7f69e8163000-7f69e8164000 rw-p 00019000 08:01 5653                       /lib/x86_64-linux-gnu/libnsl-2.31.so
7f69e8164000-7f69e8166000 rw-p 00000000 00:00 0 
7f69e8166000-7f69f0000000 r--s 00000000 08:01 1714829                    /usr/lib/jvm/java-17-openjdk-amd64/lib/modules
7f69f0000000-7f69f0948000 rw-p 00000000 00:00 0 
7f69f0948000-7f69f4000000 ---p 00000000 00:00 0 
7f69f4003000-7f69f4006000 r--p 00000000 08:01 5658                       /lib/x86_64-linux-gnu/libnss_nis-2.31.so
7f69f4006000-7f69f400e000 r-xp 00003000 08:01 5658                       /lib/x86_64-linux-gnu/libnss_nis-2.31.so
7f69f400e000-7f69f4010000 r--p 0000b000 08:01 5658                       /lib/x86_64-linux-gnu/libnss_nis-2.31.so
7f69f4010000-7f69f4011000 r--p 0000c000 08:01 5658                       /lib/x86_64-linux-gnu/libnss_nis-2.31.so
7f69f4011000-7f69f4012000 rw-p 0000d000 08:01 5658                       /lib/x86_64-linux-gnu/libnss_nis-2.31.so
7f69f4012000-7f69f4014000 r--p 00000000 08:01 5654                       /lib/x86_64-linux-gnu/libnss_compat-2.31.so
7f69f4014000-7f69f401b000 r-xp 00002000 08:01 5654                       /lib/x86_64-linux-gnu/libnss_compat-2.31.so
7f69f401b000-7f69f401c000 r--p 00009000 08:01 5654                       /lib/x86_64-linux-gnu/libnss_compat-2.31.so
7f69f401c000-7f69f401d000 r--p 00009000 08:01 5654                       /lib/x86_64-linux-gnu/libnss_compat-2.31.so
7f69f401d000-7f69f401e000 rw-p 0000a000 08:01 5654                       /lib/x86_64-linux-gnu/libnss_compat-2.31.so
7f69f4022000-7f69f4029000 r--s 00000000 08:01 5915                       /usr/lib/x86_64-linux-gnu/gconv/gconv-modules.cache
7f69f4029000-7f69f402b000 r--p 00000000 08:01 1714828                    /usr/lib/jvm/java-17-openjdk-amd64/lib/libzip.so
7f69f402b000-7f69f4030000 r-xp 00002000 08:01 1714828                    /usr/lib/jvm/java-17-openjdk-amd64/lib/libzip.so
7f69f4030000-7f69f4032000 r--p 00007000 08:01 1714828                    /usr/lib/jvm/java-17-openjdk-amd64/lib/libzip.so
7f69f4032000-7f69f4033000 r--p 00008000 08:01 1714828                    /usr/lib/jvm/java-17-openjdk-amd64/lib/libzip.so
7f69f4033000-7f69f4034000 rw-p 00009000 08:01 1714828                    /usr/lib/jvm/java-17-openjdk-amd64/lib/libzip.so
7f69f4034000-7f69f4038000 ---p 00000000 00:00 0 
7f69f4038000-7f69f4135000 rw-p 00000000 00:00 0 
7f69f4135000-7f69f4138000 r--p 00000000 08:01 3060                       /lib/x86_64-linux-gnu/libgcc_s.so.1
7f69f4138000-7f69f414a000 r-xp 00003000 08:01 3060                       /lib/x86_64-linux-gnu/libgcc_s.so.1
7f69f414a000-7f69f414e000 r--p 00015000 08:01 3060                       /lib/x86_64-linux-gnu/libgcc_s.so.1
7f69f414e000-7f69f414f000 r--p 00018000 08:01 3060                       /lib/x86_64-linux-gnu/libgcc_s.so.1
7f69f414f000-7f69f4150000 rw-p 00019000 08:01 3060                       /lib/x86_64-linux-gnu/libgcc_s.so.1
7f69f4150000-7f69f415f000 r--p 00000000 08:01 5650                       /lib/x86_64-linux-gnu/libm-2.31.so
7f69f415f000-7f69f4206000 r-xp 0000f000 08:01 5650                       /lib/x86_64-linux-gnu/libm-2.31.so
7f69f4206000-7f69f429d000 r--p 000b6000 08:01 5650                       /lib/x86_64-linux-gnu/libm-2.31.so
7f69f429d000-7f69f429e000 r--p 0014c000 08:01 5650                       /lib/x86_64-linux-gnu/libm-2.31.so
7f69f429e000-7f69f429f000 rw-p 0014d000 08:01 5650                       /lib/x86_64-linux-gnu/libm-2.31.so
7f69f429f000-7f69f4335000 r--p 00000000 08:01 3073                       /usr/lib/x86_64-linux-gnu/libstdc++.so.6.0.28
7f69f4335000-7f69f4426000 r-xp 00096000 08:01 3073                       /usr/lib/x86_64-linux-gnu/libstdc++.so.6.0.28
7f69f4426000-7f69f446f000 r--p 00187000 08:01 3073                       /usr/lib/x86_64-linux-gnu/libstdc++.so.6.0.28
7f69f446f000-7f69f4470000 ---p 001d0000 08:01 3073                       /usr/lib/x86_64-linux-gnu/libstdc++.so.6.0.28
7f69f4470000-7f69f447b000 r--p 001d0000 08:01 3073                       /usr/lib/x86_64-linux-gnu/libstdc++.so.6.0.28
7f69f447b000-7f69f447e000 rw-p 001db000 08:01 3073                       /usr/lib/x86_64-linux-gnu/libstdc++.so.6.0.28
7f69f447e000-7f69f4481000 rw-p 00000000 00:00 0 
7f69f4481000-7f69f46d0000 r--p 00000000 08:01 1978786                    /usr/lib/jvm/java-17-openjdk-amd64/lib/server/libjvm.so
7f69f46d0000-7f69f5460000 r-xp 0024f000 08:01 1978786                    /usr/lib/jvm/java-17-openjdk-amd64/lib/server/libjvm.so
7f69f5460000-7f69f56e4000 r--p 00fdf000 08:01 1978786                    /usr/lib/jvm/java-17-openjdk-amd64/lib/server/libjvm.so
7f69f56e4000-7f69f56e5000 ---p 01263000 08:01 1978786                    /usr/lib/jvm/java-17-openjdk-amd64/lib/server/libjvm.so
7f69f56e5000-7f69f579d000 r--p 01263000 08:01 1978786                    /usr/lib/jvm/java-17-openjdk-amd64/lib/server/libjvm.so
7f69f579d000-7f69f57d1000 rw-p 0131b000 08:01 1978786                    /usr/lib/jvm/java-17-openjdk-amd64/lib/server/libjvm.so
7f69f57d1000-7f69f582d000 rw-p 00000000 00:00 0 
7f69f582d000-7f69f5834000 r--p 00000000 08:01 5661                       /lib/x86_64-linux-gnu/libpthread-2.31.so
7f69f5834000-7f69f5845000 r-xp 00007000 08:01 5661                       /lib/x86_64-linux-gnu/libpthread-2.31.so
7f69f5845000-7f69f584a000 r--p 00018000 08:01 5661                       /lib/x86_64-linux-gnu/libpthread-2.31.so
7f69f584a000-7f69f584b000 r--p 0001c000 08:01 5661                       /lib/x86_64-linux-gnu/libpthread-2.31.so
7f69f584b000-7f69f584c000 rw-p 0001d000 08:01 5661                       /lib/x86_64-linux-gnu/libpthread-2.31.so
7f69f584c000-7f69f5850000 rw-p 00000000 00:00 0 
7f69f5850000-7f69f5851000 r--p 00000000 08:01 5649                       /lib/x86_64-linux-gnu/libdl-2.31.so
7f69f5851000-7f69f5853000 r-xp 00001000 08:01 5649                       /lib/x86_64-linux-gnu/libdl-2.31.so
7f69f5853000-7f69f5854000 r--p 00003000 08:01 5649                       /lib/x86_64-linux-gnu/libdl-2.31.so
7f69f5854000-7f69f5855000 r--p 00003000 08:01 5649                       /lib/x86_64-linux-gnu/libdl-2.31.so
7f69f5855000-7f69f5856000 rw-p 00004000 08:01 5649                       /lib/x86_64-linux-gnu/libdl-2.31.so
7f69f5856000-7f69f5858000 r--p 00000000 08:01 13427                      /lib/x86_64-linux-gnu/libz.so.1.2.11
7f69f5858000-7f69f5869000 r-xp 00002000 08:01 13427                      /lib/x86_64-linux-gnu/libz.so.1.2.11
7f69f5869000-7f69f586f000 r--p 00013000 08:01 13427                      /lib/x86_64-linux-gnu/libz.so.1.2.11
7f69f586f000-7f69f5870000 ---p 00019000 08:01 13427                      /lib/x86_64-linux-gnu/libz.so.1.2.11
7f69f5870000-7f69f5871000 r--p 00019000 08:01 13427                      /lib/x86_64-linux-gnu/libz.so.1.2.11
7f69f5871000-7f69f5872000 rw-p 0001a000 08:01 13427                      /lib/x86_64-linux-gnu/libz.so.1.2.11
7f69f5872000-7f69f5897000 r--p 00000000 08:01 5648                       /lib/x86_64-linux-gnu/libc-2.31.so
7f69f5897000-7f69f5a0f000 r-xp 00025000 08:01 5648                       /lib/x86_64-linux-gnu/libc-2.31.so
7f69f5a0f000-7f69f5a59000 r--p 0019d000 08:01 5648                       /lib/x86_64-linux-gnu/libc-2.31.so
7f69f5a59000-7f69f5a5a000 ---p 001e7000 08:01 5648                       /lib/x86_64-linux-gnu/libc-2.31.so
7f69f5a5a000-7f69f5a5d000 r--p 001e7000 08:01 5648                       /lib/x86_64-linux-gnu/libc-2.31.so
7f69f5a5d000-7f69f5a60000 rw-p 001ea000 08:01 5648                       /lib/x86_64-linux-gnu/libc-2.31.so
7f69f5a60000-7f69f5a64000 rw-p 00000000 00:00 0 
7f69f5a65000-7f69f5a67000 r--s 0000c000 08:01 10752                      /usr/share/java/java-atk-wrapper.jar
7f69f5a67000-7f69f5a6f000 rw-s 00000000 08:01 1572941                    /tmp/hsperfdata_fattoumi/169883
7f69f5a6f000-7f69f5a70000 ---p 00000000 00:00 0 
7f69f5a70000-7f69f5a71000 r--p 00000000 00:00 0 
7f69f5a71000-7f69f5a73000 r--p 00000000 08:01 1714810                    /usr/lib/jvm/java-17-openjdk-amd64/lib/libjimage.so
7f69f5a73000-7f69f5a76000 r-xp 00002000 08:01 1714810                    /usr/lib/jvm/java-17-openjdk-amd64/lib/libjimage.so
7f69f5a76000-7f69f5a77000 r--p 00005000 08:01 1714810                    /usr/lib/jvm/java-17-openjdk-amd64/lib/libjimage.so
7f69f5a77000-7f69f5a78000 ---p 00006000 08:01 1714810                    /usr/lib/jvm/java-17-openjdk-amd64/lib/libjimage.so
7f69f5a78000-7f69f5a79000 r--p 00006000 08:01 1714810                    /usr/lib/jvm/java-17-openjdk-amd64/lib/libjimage.so
7f69f5a79000-7f69f5a7a000 rw-p 00007000 08:01 1714810                    /usr/lib/jvm/java-17-openjdk-amd64/lib/libjimage.so
7f69f5a7a000-7f69f5a7c000 r--p 00000000 08:01 1714811                    /usr/lib/jvm/java-17-openjdk-amd64/lib/libjli.so
7f69f5a7c000-7f69f5a86000 r-xp 00002000 08:01 1714811                    /usr/lib/jvm/java-17-openjdk-amd64/lib/libjli.so
7f69f5a86000-7f69f5a89000 r--p 0000c000 08:01 1714811                    /usr/lib/jvm/java-17-openjdk-amd64/lib/libjli.so
7f69f5a89000-7f69f5a8a000 ---p 0000f000 08:01 1714811                    /usr/lib/jvm/java-17-openjdk-amd64/lib/libjli.so
7f69f5a8a000-7f69f5a8b000 r--p 0000f000 08:01 1714811                    /usr/lib/jvm/java-17-openjdk-amd64/lib/libjli.so
7f69f5a8b000-7f69f5a8c000 rw-p 00010000 08:01 1714811                    /usr/lib/jvm/java-17-openjdk-amd64/lib/libjli.so
7f69f5a8c000-7f69f5a8e000 rw-p 00000000 00:00 0 
7f69f5a8e000-7f69f5a8f000 r--p 00000000 08:01 5644                       /lib/x86_64-linux-gnu/ld-2.31.so
7f69f5a8f000-7f69f5ab2000 r-xp 00001000 08:01 5644                       /lib/x86_64-linux-gnu/ld-2.31.so
7f69f5ab2000-7f69f5aba000 r--p 00024000 08:01 5644                       /lib/x86_64-linux-gnu/ld-2.31.so
7f69f5aba000-7f69f5abb000 ---p 00000000 00:00 0 
7f69f5abb000-7f69f5abc000 r--p 0002c000 08:01 5644                       /lib/x86_64-linux-gnu/ld-2.31.so
7f69f5abc000-7f69f5abd000 rw-p 0002d000 08:01 5644                       /lib/x86_64-linux-gnu/ld-2.31.so
7f69f5abd000-7f69f5abe000 rw-p 00000000 00:00 0 
7ffcb72d4000-7ffcb72f6000 rw-p 00000000 00:00 0                          [stack]
7ffcb7380000-7ffcb7383000 r--p 00000000 00:00 0                          [vvar]
7ffcb7383000-7ffcb7384000 r-xp 00000000 00:00 0                          [vdso]
ffffffffff600000-ffffffffff601000 --xp 00000000 00:00 0                  [vsyscall]


VM Arguments:
jvm_args: -Dclassworlds.conf=/media/fattoumi/0be4290b-1786-4979-afaf-0d44b8307c41/App/apache-maven-3.8.3/bin/m2.conf -Dmaven.home=/media/fattoumi/0be4290b-1786-4979-afaf-0d44b8307c41/App/apache-maven-3.8.3 -Dlibrary.jansi.path=/media/fattoumi/0be4290b-1786-4979-afaf-0d44b8307c41/App/apache-maven-3.8.3/lib/jansi-native -Dmaven.multiModuleProjectDirectory=/media/fattoumi/0be4290b-1786-4979-afaf-0d44b8307c41/Work/git_local_repo/workspace_react/crud-react-frontend-springboot-backend/springboot-backend 
java_command: org.codehaus.plexus.classworlds.launcher.Launcher spring-boot:run
java_class_path (initial): /media/fattoumi/0be4290b-1786-4979-afaf-0d44b8307c41/App/apache-maven-3.8.3/boot/plexus-classworlds-2.6.0.jar
Launcher Type: SUN_STANDARD

[Global flags]
     intx CICompilerCount                          = 4                                         {product} {ergonomic}
     uint ConcGCThreads                            = 2                                         {product} {ergonomic}
     uint G1ConcRefinementThreads                  = 8                                         {product} {ergonomic}
   size_t G1HeapRegionSize                         = 8388608                                   {product} {ergonomic}
    uintx GCDrainStackTargetSize                   = 64                                        {product} {ergonomic}
   size_t InitialHeapSize                          = 1056964608                                {product} {ergonomic}
   size_t MarkStackSize                            = 4194304                                   {product} {ergonomic}
   size_t MaxHeapSize                              = 16827547648                               {product} {ergonomic}
   size_t MaxNewSize                               = 10091495424                               {product} {ergonomic}
   size_t MinHeapDeltaBytes                        = 8388608                                   {product} {ergonomic}
   size_t MinHeapSize                              = 8388608                                   {product} {ergonomic}
    uintx NonNMethodCodeHeapSize                   = 5839372                                {pd product} {ergonomic}
    uintx NonProfiledCodeHeapSize                  = 122909434                              {pd product} {ergonomic}
    uintx ProfiledCodeHeapSize                     = 122909434                              {pd product} {ergonomic}
    uintx ReservedCodeCacheSize                    = 251658240                              {pd product} {ergonomic}
     bool SegmentedCodeCache                       = true                                      {product} {ergonomic}
   size_t SoftMaxHeapSize                          = 16827547648                            {manageable} {ergonomic}
     bool UseCompressedClassPointers               = true                           {product lp64_product} {ergonomic}
     bool UseCompressedOops                        = true                           {product lp64_product} {ergonomic}
     bool UseG1GC                                  = true                                      {product} {ergonomic}

Logging:
Log output configuration:
 #0: stdout all=warning uptime,level,tags
 #1: stderr all=off uptime,level,tags

Environment Variables:
JAVA_HOME=/usr/lib/jvm/java-17-openjdk-amd64
PATH=/media/fattoumi/0be4290b-1786-4979-afaf-0d44b8307c41/App/apache-maven-3.8.3/bin:/usr/local/sbin:/usr/local/bin:/usr/sbin:/usr/bin:/sbin:/bin:/usr/games:/usr/local/games:/snap/bin
USERNAME=fattoumi
SHELL=/bin/bash
DISPLAY=:0
LANG=fr_FR.UTF-8

Signal Handlers:
   SIGSEGV: 0x00007f69f53ddcd0 in libjvm.so+16108752, mask=11100100010111111101111111111110, flags=SA_RESTART|SA_SIGINFO
    SIGBUS: 0x00007f69f53ddcd0 in libjvm.so+16108752, mask=11100100010111111101111111111110, flags=SA_RESTART|SA_SIGINFO
    SIGFPE: 0x00007f69f53ddcd0 in libjvm.so+16108752, mask=11100100010111111101111111111110, flags=SA_RESTART|SA_SIGINFO
   SIGPIPE: 0x00007f69f5280140 in libjvm.so+14676288, mask=11100100010111111101111111111110, flags=SA_RESTART|SA_SIGINFO
   SIGXFSZ: 0x00007f69f5280140 in libjvm.so+14676288, mask=11100100010111111101111111111110, flags=SA_RESTART|SA_SIGINFO
    SIGILL: 0x00007f69f53ddcd0 in libjvm.so+16108752, mask=11100100010111111101111111111110, flags=SA_RESTART|SA_SIGINFO
   SIGUSR2: 0x00007f69f527f7d0 in libjvm.so+14673872, mask=00000000000000000000000000000000, flags=SA_RESTART|SA_SIGINFO
    SIGHUP: 0x00007f69f527f710 in libjvm.so+14673680, mask=11100100010111111101111111111110, flags=SA_RESTART|SA_SIGINFO
    SIGINT: 0x00007f69f527f710 in libjvm.so+14673680, mask=11100100010111111101111111111110, flags=SA_RESTART|SA_SIGINFO
   SIGTERM: 0x00007f69f527f710 in libjvm.so+14673680, mask=11100100010111111101111111111110, flags=SA_RESTART|SA_SIGINFO
   SIGQUIT: 0x00007f69f527f710 in libjvm.so+14673680, mask=11100100010111111101111111111110, flags=SA_RESTART|SA_SIGINFO
   SIGTRAP: 0x00007f69f53ddcd0 in libjvm.so+16108752, mask=11100100010111111101111111111110, flags=SA_RESTART|SA_SIGINFO


---------------  S Y S T E M  ---------------

OS:
DISTRIB_ID=Ubuntu
DISTRIB_RELEASE=20.04
DISTRIB_CODENAME=focal
DISTRIB_DESCRIPTION="Ubuntu 20.04.3 LTS"
uname: Linux 5.4.0-86-generic #97-Ubuntu SMP Fri Sep 17 19:19:40 UTC 2021 x86_64
OS uptime: 13 days 2:02 hours
libc: glibc 2.31 NPTL 2.31 
rlimit (soft/hard): STACK 8192k/infinity , CORE 0k/infinity , NPROC 256504/256504 , NOFILE 1048576/1048576 , AS infinity/infinity , CPU infinity/infinity , DATA infinity/infinity , FSIZE infinity/infinity , MEMLOCK 65536k/65536k
load average: 5,34 2,26 1,28

/proc/meminfo:
MemTotal:       65724024 kB
MemFree:        33067692 kB
MemAvailable:   52540976 kB
Buffers:         1487212 kB
Cached:         18568980 kB
SwapCached:            0 kB
Active:         17502288 kB
Inactive:       12116888 kB
Active(anon):   10638840 kB
Inactive(anon):   234676 kB
Active(file):    6863448 kB
Inactive(file): 11882212 kB
Unevictable:     1013372 kB
Mlocked:              64 kB
SwapTotal:       2097148 kB
SwapFree:        2097148 kB
Dirty:             40808 kB
Writeback:             0 kB
AnonPages:      10568416 kB
Mapped:          1206936 kB
Shmem:           1325012 kB
KReclaimable:    1451904 kB
Slab:            1767544 kB
SReclaimable:    1451904 kB
SUnreclaim:       315640 kB
KernelStack:       36992 kB
PageTables:       119788 kB
NFS_Unstable:          0 kB
Bounce:                0 kB
WritebackTmp:          0 kB
CommitLimit:    34959160 kB
Committed_AS:   32342956 kB
VmallocTotal:   34359738367 kB
VmallocUsed:       66672 kB
VmallocChunk:          0 kB
Percpu:            10976 kB
HardwareCorrupted:     0 kB
AnonHugePages:         0 kB
ShmemHugePages:        0 kB
ShmemPmdMapped:        0 kB
FileHugePages:         0 kB
FilePmdMapped:         0 kB
CmaTotal:              0 kB
CmaFree:               0 kB
HugePages_Total:       0
HugePages_Free:        0
HugePages_Rsvd:        0
HugePages_Surp:        0
Hugepagesize:       2048 kB
Hugetlb:               0 kB
DirectMap4k:      871288 kB
DirectMap2M:    35684352 kB
DirectMap1G:    31457280 kB

/sys/kernel/mm/transparent_hugepage/enabled: always [madvise] never
/sys/kernel/mm/transparent_hugepage/defrag (defrag/compaction efforts parameter): always defer defer+madvise [madvise] never

Process Memory:
Virtual Size: 20384660K (peak: 20387156K)
Resident Set Size: 150976K (peak: 150976K) (anon: 122184K, file: 28792K, shmem: 0K)
Swapped out: 0K
C-Heap outstanding allocations: 27026K

/proc/sys/kernel/threads-max (system-wide limit on the number of threads): 513009
/proc/sys/vm/max_map_count (maximum number of memory map areas a process may have): 65530
/proc/sys/kernel/pid_max (system-wide limit on number of process identifiers): 4194304

container (cgroup) information:
container_type: cgroupv1
cpu_cpuset_cpus: 0-7
cpu_memory_nodes: 0
active_processor_count: 8
cpu_quota: no quota
cpu_period: 100000
cpu_shares: no shares
memory_limit_in_bytes: unlimited
memory_and_swap_limit_in_bytes: not supported
memory_soft_limit_in_bytes: unlimited
memory_usage_in_bytes: 25941680128
memory_max_usage_in_bytes: 26701942784

Steal ticks since vm start: 0
Steal ticks percentage since vm start:  0,000

CPU: total 8 (initial active 8) (4 cores per cpu, 2 threads per core) family 6 model 158 stepping 9 microcode 0xea, cx8, cmov, fxsr, ht, mmx, 3dnowpref, sse, sse2, sse3, ssse3, sse4.1, sse4.2, popcnt, lzcnt, tsc, tscinvbit, avx, avx2, aes, erms, clmul, bmi1, bmi2, rtm, adx, fma, vzeroupper, clflush, clflushopt
CPU Model and flags from /proc/cpuinfo:
model name	: Intel(R) Core(TM) i7-7700 CPU @ 3.60GHz
flags		: fpu vme de pse tsc msr pae mce cx8 apic sep mtrr pge mca cmov pat pse36 clflush dts acpi mmx fxsr sse sse2 ss ht tm pbe syscall nx pdpe1gb rdtscp lm constant_tsc art arch_perfmon pebs bts rep_good nopl xtopology nonstop_tsc cpuid aperfmperf pni pclmulqdq dtes64 monitor ds_cpl vmx smx est tm2 ssse3 sdbg fma cx16 xtpr pdcm pcid sse4_1 sse4_2 x2apic movbe popcnt tsc_deadline_timer aes xsave avx f16c rdrand lahf_lm abm 3dnowprefetch cpuid_fault epb invpcid_single pti ssbd ibrs ibpb stibp tpr_shadow vnmi flexpriority ept vpid ept_ad fsgsbase tsc_adjust bmi1 hle avx2 smep bmi2 erms invpcid rtm mpx rdseed adx smap clflushopt intel_pt xsaveopt xsavec xgetbv1 xsaves dtherm ida arat pln pts hwp hwp_notify hwp_act_window hwp_epp md_clear flush_l1d

Online cpus: 0-7
Offline cpus: 
BIOS frequency limitation: <Not Available>
Frequency switch latency (ns): 0
Available cpu frequencies: <Not Available>
Current governor: powersave
Core performance/turbo boost: <Not Available>

Memory: 4k page, physical 65724024k(33067692k free), swap 2097148k(2097148k free)
Page Sizes: 4k

vm_info: OpenJDK 64-Bit Server VM (17+35-Ubuntu-120.04) for linux-amd64 JRE (17+35-Ubuntu-120.04), built on Sep 15 2021 10:18:39 by "unknown" with gcc 9.3.0

END.
